=== Running Alibaba Metadata availability diagnosis ===
[ERROR] error: Alibaba HostAliases: unable to query metadata endpoint: Get "http://100.100.100.200/latest/meta-data/instance-id": dial tcp 100.100.100.200:80: i/o timeout (Client.Timeout exceeded while awaiting headers) - 1615911031687842727
===> FAIL
=== Running Azure Metadata availability diagnosis ===
[ERROR] error: Azure HostAliases: unable to query metadata endpoint: status code 404 trying to GET http://169.254.169.254/metadata/instance/compute/vmId?api-version=2017-04-02&format=text - 1615911031689467542
===> FAIL
=== Running CRI availability diagnosis ===
[ERROR] error: temporary failure in criutil, will retry later: try delay not elapsed yet - 1615911031689551508
===> FAIL
=== Running Cluster Agent availability diagnosis ===
[ERROR] error: temporary failure in clusterAgentClient, will retry later: cannot get a cluster agent endpoint for kubernetes service DATADOG_CLUSTER_AGENT, env DATADOG_CLUSTER_AGENT_SERVICE_HOST is empty - 1615911031689720951
===> FAIL
=== Running Containerd availability diagnosis ===
[ERROR] errorf: Containerd init error: temporary failure in containerdutil, will retry later: failed to dial "/var/run/containerd/containerd.sock": context deadline exceeded - 1615911032690050682
===> FAIL
=== Running Docker availability diagnosis ===
[ERROR] error: temporary failure in dockerutil, will retry later: try delay not elapsed yet - 1615911032690144070
[ERROR] errorf: returned hostname "" with error: temporary failure in dockerutil, will retry later: try delay not elapsed yet - 1615911032690197963
===> FAIL
=== Running EC2 Metadata availability diagnosis ===
===> PASS
=== Running ECS Fargate Metadata availability diagnosis ===
[ERROR] error: Get "http://169.254.170.2/v2/metadata": context deadline exceeded (Client.Timeout exceeded while awaiting headers) - 1615911033192247174
===> FAIL
=== Running ECS Metadata availability diagnosis ===
[ERROR] error: temporary failure in ecsutil-meta-v1, will retry later: try delay not elapsed yet - 1615911033192346207
===> FAIL
=== Running ECS Metadata with tags availability diagnosis ===
[ERROR] error: temporary failure in ecsutil-meta-v3, will retry later: Could not initialize client: missing metadata v3 URL - 1615911033192496822
===> FAIL
=== Running GCE Metadata availability diagnosis ===
[ERROR] error: unable to retrieve hostname from GCE: status code 404 trying to GET http://169.254.169.254/computeMetadata/v1/instance/hostname - 1615911033194732328
===> FAIL
=== Running Kubelet availability diagnosis ===
[ERROR] error: temporary failure in kubeutil, will retry later: try delay not elapsed yet - 1615911033194838530
===> FAIL
=== Running Kubernetes API Server availability diagnosis ===
[INFO] infof: Could not get apiserver client: unable to load in-cluster configuration, KUBERNETES_SERVICE_HOST and KUBERNETES_SERVICE_PORT must be defined - 1615911033194920464
[ERROR] error: temporary failure in apiserver, will retry later: unable to load in-cluster configuration, KUBERNETES_SERVICE_HOST and KUBERNETES_SERVICE_PORT must be defined - 1615911033195032140
===> FAIL
=== Running Tencent Metadata availability diagnosis ===
[ERROR] error: cloud provider is disabled by configuration - 1615911033195089860
===> FAIL