goroutine 294831 [running]:
runtime/pprof.writeGoroutineStacks(0x43e3080, 0xc0006f80e0, 0x0, 0x0)
	/root/.gimme/versions/go1.14.12.linux.amd64/src/runtime/pprof/pprof.go:665 +0x9d
runtime/pprof.writeGoroutine(0x43e3080, 0xc0006f80e0, 0x2, 0x15a6cac, 0x7fb9ec91ed50)
	/root/.gimme/versions/go1.14.12.linux.amd64/src/runtime/pprof/pprof.go:654 +0x44
runtime/pprof.(*Profile).WriteTo(0x5db1380, 0x43e3080, 0xc0006f80e0, 0x2, 0xc0006f80e0, 0xc0010819b0)
	/root/.gimme/versions/go1.14.12.linux.amd64/src/runtime/pprof/pprof.go:329 +0x3da
net/http/pprof.handler.ServeHTTP(0xc000b521c1, 0x9, 0x445b100, 0xc0006f80e0, 0xc0004a0800)
	/root/.gimme/versions/go1.14.12.linux.amd64/src/net/http/pprof/pprof.go:248 +0x33a
net/http/pprof.Index(0x445b100, 0xc0006f80e0, 0xc0004a0800)
	/root/.gimme/versions/go1.14.12.linux.amd64/src/net/http/pprof/pprof.go:271 +0x735
net/http.HandlerFunc.ServeHTTP(0x3fb98c8, 0x445b100, 0xc0006f80e0, 0xc0004a0800)
	/root/.gimme/versions/go1.14.12.linux.amd64/src/net/http/server.go:2041 +0x44
net/http.(*ServeMux).ServeHTTP(0x5f894e0, 0x445b100, 0xc0006f80e0, 0xc0004a0800)
	/root/.gimme/versions/go1.14.12.linux.amd64/src/net/http/server.go:2416 +0x1a5
net/http.serverHandler.ServeHTTP(0xc000260000, 0x445b100, 0xc0006f80e0, 0xc0004a0800)
	/root/.gimme/versions/go1.14.12.linux.amd64/src/net/http/server.go:2836 +0xa3
net/http.(*conn).serve(0xc0006d83c0, 0x4465b40, 0xc000ff24c0)
	/root/.gimme/versions/go1.14.12.linux.amd64/src/net/http/server.go:1924 +0x86c
created by net/http.(*Server).Serve
	/root/.gimme/versions/go1.14.12.linux.amd64/src/net/http/server.go:2962 +0x35c
goroutine 1 [chan receive, 6517 minutes]:
github.com/DataDog/datadog-agent/cmd/agent/app.run(0x5dc3200, 0xc0008089e0, 0x0, 0x2, 0x0, 0x0)
	/.omnibus/src/datadog-agent/src/github.com/DataDog/datadog-agent/cmd/agent/app/run.go:137 +0x1f3
github.com/spf13/cobra.(*Command).execute(0x5dc3200, 0xc0008089c0, 0x2, 0x2, 0x5dc3200, 0xc0008089c0)
	/.omnibus/src/datadog-agent/src/github.com/DataDog/datadog-agent/vendor/github.com/spf13/cobra/command.go:842 +0x453
github.com/spf13/cobra.(*Command).ExecuteC(0x5dbeb20, 0x0, 0xffffffff, 0xc00010e058)
	/.omnibus/src/datadog-agent/src/github.com/DataDog/datadog-agent/vendor/github.com/spf13/cobra/command.go:950 +0x349
github.com/spf13/cobra.(*Command).Execute(...)
	/.omnibus/src/datadog-agent/src/github.com/DataDog/datadog-agent/vendor/github.com/spf13/cobra/command.go:887
main.main()
	/.omnibus/src/datadog-agent/src/github.com/DataDog/datadog-agent/cmd/agent/main.go:18 +0x2d
goroutine 19 [sync.Cond.Wait, 6517 minutes]:
runtime.goparkunlock(...)
	/root/.gimme/versions/go1.14.12.linux.amd64/src/runtime/proc.go:310
sync.runtime_notifyListWait(0xc00012a650, 0x0)
	/root/.gimme/versions/go1.14.12.linux.amd64/src/runtime/sema.go:513 +0xf8
sync.(*Cond).Wait(0xc00012a640)
	/root/.gimme/versions/go1.14.12.linux.amd64/src/sync/cond.go:56 +0x9d
github.com/cihub/seelog.(*asyncLoopLogger).processItem(0xc00017a000, 0x0)
	/.omnibus/src/datadog-agent/src/github.com/DataDog/datadog-agent/vendor/github.com/cihub/seelog/behavior_asynclooplogger.go:50 +0x8a
github.com/cihub/seelog.(*asyncLoopLogger).processQueue(0xc00017a000)
	/.omnibus/src/datadog-agent/src/github.com/DataDog/datadog-agent/vendor/github.com/cihub/seelog/behavior_asynclooplogger.go:63 +0x42
created by github.com/cihub/seelog.NewAsyncLoopLogger
	/.omnibus/src/datadog-agent/src/github.com/DataDog/datadog-agent/vendor/github.com/cihub/seelog/behavior_asynclooplogger.go:40 +0x9c
goroutine 20 [sync.Cond.Wait, 6517 minutes]:
runtime.goparkunlock(...)
	/root/.gimme/versions/go1.14.12.linux.amd64/src/runtime/proc.go:310
sync.runtime_notifyListWait(0xc00012a7d0, 0x0)
	/root/.gimme/versions/go1.14.12.linux.amd64/src/runtime/sema.go:513 +0xf8
sync.(*Cond).Wait(0xc00012a7c0)
	/root/.gimme/versions/go1.14.12.linux.amd64/src/sync/cond.go:56 +0x9d
github.com/cihub/seelog.(*asyncLoopLogger).processItem(0xc00017a120, 0x0)
	/.omnibus/src/datadog-agent/src/github.com/DataDog/datadog-agent/vendor/github.com/cihub/seelog/behavior_asynclooplogger.go:50 +0x8a
github.com/cihub/seelog.(*asyncLoopLogger).processQueue(0xc00017a120)
	/.omnibus/src/datadog-agent/src/github.com/DataDog/datadog-agent/vendor/github.com/cihub/seelog/behavior_asynclooplogger.go:63 +0x42
created by github.com/cihub/seelog.NewAsyncLoopLogger
	/.omnibus/src/datadog-agent/src/github.com/DataDog/datadog-agent/vendor/github.com/cihub/seelog/behavior_asynclooplogger.go:40 +0x9c
goroutine 11 [select]:
github.com/patrickmn/go-cache.(*janitor).Run(0xc0004639b0, 0xc0003d5440)
	/.omnibus/src/datadog-agent/src/github.com/DataDog/datadog-agent/vendor/github.com/patrickmn/go-cache/cache.go:1079 +0xd5
created by github.com/patrickmn/go-cache.runJanitor
	/.omnibus/src/datadog-agent/src/github.com/DataDog/datadog-agent/vendor/github.com/patrickmn/go-cache/cache.go:1099 +0xa9
goroutine 52 [chan receive]:
k8s.io/klog.(*loggingT).flushDaemon(0x5f8a8e0)
	/.omnibus/src/datadog-agent/src/github.com/DataDog/datadog-agent/vendor/k8s.io/klog/klog.go:1010 +0x8b
created by k8s.io/klog.init.0
	/.omnibus/src/datadog-agent/src/github.com/DataDog/datadog-agent/vendor/k8s.io/klog/klog.go:411 +0xd6
goroutine 71 [IO wait, 6517 minutes]:
internal/poll.runtime_pollWait(0x7fba18973a60, 0x72, 0xffffffffffffffff)
	/root/.gimme/versions/go1.14.12.linux.amd64/src/runtime/netpoll.go:203 +0x55
internal/poll.(*pollDesc).wait(0xc00057aa98, 0x72, 0x200, 0x205, 0xffffffffffffffff)
	/root/.gimme/versions/go1.14.12.linux.amd64/src/internal/poll/fd_poll_runtime.go:87 +0x45
internal/poll.(*pollDesc).waitRead(...)
	/root/.gimme/versions/go1.14.12.linux.amd64/src/internal/poll/fd_poll_runtime.go:92
internal/poll.(*FD).Read(0xc00057aa80, 0xc0008a2240, 0x205, 0x205, 0x0, 0x0, 0x0)
	/root/.gimme/versions/go1.14.12.linux.amd64/src/internal/poll/fd_unix.go:169 +0x19b
net.(*netFD).Read(0xc00057aa80, 0xc0008a2240, 0x205, 0x205, 0x203000, 0x1862d70, 0xc00093b9b8)
	/root/.gimme/versions/go1.14.12.linux.amd64/src/net/fd_unix.go:202 +0x4f
net.(*conn).Read(0xc000742038, 0xc0008a2240, 0x205, 0x205, 0x0, 0x0, 0x0)
	/root/.gimme/versions/go1.14.12.linux.amd64/src/net/net.go:184 +0x8e
crypto/tls.(*atLeastReader).Read(0xc00000e500, 0xc0008a2240, 0x205, 0x205, 0x1a, 0x200, 0xc000083aa0)
	/root/.gimme/versions/go1.14.12.linux.amd64/src/crypto/tls/conn.go:760 +0x60
bytes.(*Buffer).ReadFrom(0xc00093bad8, 0x43deee0, 0xc00000e500, 0x15a50f5, 0x3a465c0, 0x3dbc900)
	/root/.gimme/versions/go1.14.12.linux.amd64/src/bytes/buffer.go:204 +0xb1
crypto/tls.(*Conn).readFromUntil(0xc00093b880, 0x43e2d60, 0xc000742038, 0x5, 0xc000742038, 0x9)
	/root/.gimme/versions/go1.14.12.linux.amd64/src/crypto/tls/conn.go:782 +0xec
crypto/tls.(*Conn).readRecordOrCCS(0xc00093b880, 0x0, 0x0, 0xc000083d08)
	/root/.gimme/versions/go1.14.12.linux.amd64/src/crypto/tls/conn.go:589 +0x115
crypto/tls.(*Conn).readRecord(...)
	/root/.gimme/versions/go1.14.12.linux.amd64/src/crypto/tls/conn.go:557
crypto/tls.(*Conn).Read(0xc00093b880, 0xc0002601f8, 0x9, 0x9, 0x0, 0x0, 0x0)
	/root/.gimme/versions/go1.14.12.linux.amd64/src/crypto/tls/conn.go:1233 +0x15b
io.ReadAtLeast(0x7fb9ec04d148, 0xc00093b880, 0xc0002601f8, 0x9, 0x9, 0x9, 0x1000001a4e665, 0x0, 0x1)
	/root/.gimme/versions/go1.14.12.linux.amd64/src/io/io.go:310 +0x87
io.ReadFull(...)
	/root/.gimme/versions/go1.14.12.linux.amd64/src/io/io.go:329
net/http.http2readFrameHeader(0xc0002601f8, 0x9, 0x9, 0x7fb9ec04d148, 0xc00093b880, 0x0, 0xc000000000, 0xc000083f28, 0xc000234120)
	/root/.gimme/versions/go1.14.12.linux.amd64/src/net/http/h2_bundle.go:1479 +0x87
net/http.(*http2Framer).ReadFrame(0xc0002601c0, 0xc000083ee0, 0x2, 0x0, 0x1)
	/root/.gimme/versions/go1.14.12.linux.amd64/src/net/http/h2_bundle.go:1737 +0xa1
net/http.(*http2serverConn).readFrames(0xc000aac300)
	/root/.gimme/versions/go1.14.12.linux.amd64/src/net/http/h2_bundle.go:4317 +0xa4
created by net/http.(*http2serverConn).serve
	/root/.gimme/versions/go1.14.12.linux.amd64/src/net/http/h2_bundle.go:4422 +0x349
goroutine 203 [select, 6517 minutes]:
github.com/DataDog/datadog-agent/cmd/agent/app.run.func2(0xc0000f4600, 0xc0005f27e0)
	/.omnibus/src/datadog-agent/src/github.com/DataDog/datadog-agent/cmd/agent/app/run.go:108 +0xe8
created by github.com/DataDog/datadog-agent/cmd/agent/app.run
	/.omnibus/src/datadog-agent/src/github.com/DataDog/datadog-agent/cmd/agent/app/run.go:106 +0x131
goroutine 213 [select]:
github.com/patrickmn/go-cache.(*janitor).Run(0xc000805830, 0xc0003d5e00)
	/.omnibus/src/datadog-agent/src/github.com/DataDog/datadog-agent/vendor/github.com/patrickmn/go-cache/cache.go:1079 +0xd5
created by github.com/patrickmn/go-cache.runJanitor
	/.omnibus/src/datadog-agent/src/github.com/DataDog/datadog-agent/vendor/github.com/patrickmn/go-cache/cache.go:1099 +0xa9
goroutine 192 [syscall, 6517 minutes]:
os/signal.signal_recv(0x16028c6)
	/root/.gimme/versions/go1.14.12.linux.amd64/src/runtime/sigqueue.go:147 +0x9c
os/signal.loop()
	/root/.gimme/versions/go1.14.12.linux.amd64/src/os/signal/signal_unix.go:23 +0x22
created by os/signal.Notify.func1
	/root/.gimme/versions/go1.14.12.linux.amd64/src/os/signal/signal.go:127 +0x44
goroutine 216 [chan receive, 6517 minutes]:
github.com/DataDog/datadog-agent/cmd/agent/app.run.func3(0xc00011b9e0)
	/.omnibus/src/datadog-agent/src/github.com/DataDog/datadog-agent/cmd/agent/app/run.go:127 +0x47
created by github.com/DataDog/datadog-agent/cmd/agent/app.run
	/.omnibus/src/datadog-agent/src/github.com/DataDog/datadog-agent/cmd/agent/app/run.go:126 +0x1bb
goroutine 29 [sync.Cond.Wait]:
runtime.goparkunlock(...)
	/root/.gimme/versions/go1.14.12.linux.amd64/src/runtime/proc.go:310
sync.runtime_notifyListWait(0xc0002361d0, 0x1004)
	/root/.gimme/versions/go1.14.12.linux.amd64/src/runtime/sema.go:513 +0xf8
sync.(*Cond).Wait(0xc0002361c0)
	/root/.gimme/versions/go1.14.12.linux.amd64/src/sync/cond.go:56 +0x9d
github.com/cihub/seelog.(*asyncLoopLogger).processItem(0xc000238000, 0x0)
	/.omnibus/src/datadog-agent/src/github.com/DataDog/datadog-agent/vendor/github.com/cihub/seelog/behavior_asynclooplogger.go:50 +0x8a
github.com/cihub/seelog.(*asyncLoopLogger).processQueue(0xc000238000)
	/.omnibus/src/datadog-agent/src/github.com/DataDog/datadog-agent/vendor/github.com/cihub/seelog/behavior_asynclooplogger.go:63 +0x42
created by github.com/cihub/seelog.NewAsyncLoopLogger
	/.omnibus/src/datadog-agent/src/github.com/DataDog/datadog-agent/vendor/github.com/cihub/seelog/behavior_asynclooplogger.go:40 +0x9c
goroutine 322 [select]:
github.com/DataDog/datadog-agent/pkg/collector/scheduler.(*jobQueue).process(0xc000e1a240, 0xc000051bc0, 0x1)
	/.omnibus/src/datadog-agent/src/github.com/DataDog/datadog-agent/pkg/collector/scheduler/job.go:175 +0x10d
github.com/DataDog/datadog-agent/pkg/collector/scheduler.(*jobQueue).run.func1(0xc000e1a240, 0xc000051bc0)
	/.omnibus/src/datadog-agent/src/github.com/DataDog/datadog-agent/pkg/collector/scheduler/job.go:164 +0x5f
created by github.com/DataDog/datadog-agent/pkg/collector/scheduler.(*jobQueue).run
	/.omnibus/src/datadog-agent/src/github.com/DataDog/datadog-agent/pkg/collector/scheduler/job.go:162 +0x49
goroutine 31 [sync.Cond.Wait, 6517 minutes]:
runtime.goparkunlock(...)
	/root/.gimme/versions/go1.14.12.linux.amd64/src/runtime/proc.go:310
sync.runtime_notifyListWait(0xc000236dd0, 0x0)
	/root/.gimme/versions/go1.14.12.linux.amd64/src/runtime/sema.go:513 +0xf8
sync.(*Cond).Wait(0xc000236dc0)
	/root/.gimme/versions/go1.14.12.linux.amd64/src/sync/cond.go:56 +0x9d
github.com/cihub/seelog.(*asyncLoopLogger).processItem(0xc0002381b0, 0x0)
	/.omnibus/src/datadog-agent/src/github.com/DataDog/datadog-agent/vendor/github.com/cihub/seelog/behavior_asynclooplogger.go:50 +0x8a
github.com/cihub/seelog.(*asyncLoopLogger).processQueue(0xc0002381b0)
	/.omnibus/src/datadog-agent/src/github.com/DataDog/datadog-agent/vendor/github.com/cihub/seelog/behavior_asynclooplogger.go:63 +0x42
created by github.com/cihub/seelog.NewAsyncLoopLogger
	/.omnibus/src/datadog-agent/src/github.com/DataDog/datadog-agent/vendor/github.com/cihub/seelog/behavior_asynclooplogger.go:40 +0x9c
goroutine 32 [IO wait]:
internal/poll.runtime_pollWait(0x7fba18973ec0, 0x72, 0x0)
	/root/.gimme/versions/go1.14.12.linux.amd64/src/runtime/netpoll.go:203 +0x55
internal/poll.(*pollDesc).wait(0xc0004d3118, 0x72, 0x0, 0x0, 0x3e86d65)
	/root/.gimme/versions/go1.14.12.linux.amd64/src/internal/poll/fd_poll_runtime.go:87 +0x45
internal/poll.(*pollDesc).waitRead(...)
	/root/.gimme/versions/go1.14.12.linux.amd64/src/internal/poll/fd_poll_runtime.go:92
internal/poll.(*FD).Accept(0xc0004d3100, 0x0, 0x0, 0x0, 0x0, 0x0, 0x0, 0x0)
	/root/.gimme/versions/go1.14.12.linux.amd64/src/internal/poll/fd_unix.go:384 +0x1d4
net.(*netFD).accept(0xc0004d3100, 0xf87ba73bf1d22969, 0x1000000000000, 0xf87ba73bf1d22969)
	/root/.gimme/versions/go1.14.12.linux.amd64/src/net/fd_unix.go:238 +0x42
net.(*TCPListener).accept(0xc00034dc20, 0x6050d879, 0xc0006f3db0, 0x162cf76)
	/root/.gimme/versions/go1.14.12.linux.amd64/src/net/tcpsock_posix.go:139 +0x32
net.(*TCPListener).Accept(0xc00034dc20, 0xc0006f3e00, 0x18, 0xc000582600, 0x1a8c31c)
	/root/.gimme/versions/go1.14.12.linux.amd64/src/net/tcpsock.go:261 +0x64
net/http.(*Server).Serve(0xc000260000, 0x445ae40, 0xc00034dc20, 0x0, 0x0)
	/root/.gimme/versions/go1.14.12.linux.amd64/src/net/http/server.go:2930 +0x25d
net/http.(*Server).ListenAndServe(0xc000260000, 0xc000260000, 0xa)
	/root/.gimme/versions/go1.14.12.linux.amd64/src/net/http/server.go:2859 +0xb7
net/http.ListenAndServe(...)
	/root/.gimme/versions/go1.14.12.linux.amd64/src/net/http/server.go:3115
github.com/DataDog/datadog-agent/cmd/agent/app.StartAgent.func1(0x3e80386, 0x4)
	/.omnibus/src/datadog-agent/src/github.com/DataDog/datadog-agent/cmd/agent/app/run.go:245 +0xda
created by github.com/DataDog/datadog-agent/cmd/agent/app.StartAgent
	/.omnibus/src/datadog-agent/src/github.com/DataDog/datadog-agent/cmd/agent/app/run.go:244 +0x741
goroutine 139 [IO wait, 6517 minutes]:
internal/poll.runtime_pollWait(0x7fba18973b40, 0x72, 0xffffffffffffffff)
	/root/.gimme/versions/go1.14.12.linux.amd64/src/runtime/netpoll.go:203 +0x55
internal/poll.(*pollDesc).wait(0xc00057a698, 0x72, 0x800, 0x811, 0xffffffffffffffff)
	/root/.gimme/versions/go1.14.12.linux.amd64/src/internal/poll/fd_poll_runtime.go:87 +0x45
internal/poll.(*pollDesc).waitRead(...)
	/root/.gimme/versions/go1.14.12.linux.amd64/src/internal/poll/fd_poll_runtime.go:92
internal/poll.(*FD).Read(0xc00057a680, 0xc000170900, 0x811, 0x811, 0x0, 0x0, 0x0)
	/root/.gimme/versions/go1.14.12.linux.amd64/src/internal/poll/fd_unix.go:169 +0x19b
net.(*netFD).Read(0xc00057a680, 0xc000170900, 0x811, 0x811, 0x203000, 0x1862d70, 0xc00093a838)
	/root/.gimme/versions/go1.14.12.linux.amd64/src/net/fd_unix.go:202 +0x4f
net.(*conn).Read(0xc000742020, 0xc000170900, 0x811, 0x811, 0x0, 0x0, 0x0)
	/root/.gimme/versions/go1.14.12.linux.amd64/src/net/net.go:184 +0x8e
crypto/tls.(*atLeastReader).Read(0xc0001342c0, 0xc000170900, 0x811, 0x811, 0x1a, 0x80c, 0xc000b86a48)
	/root/.gimme/versions/go1.14.12.linux.amd64/src/crypto/tls/conn.go:760 +0x60
bytes.(*Buffer).ReadFrom(0xc00093a958, 0x43deee0, 0xc0001342c0, 0x15a50f5, 0x3a465c0, 0x3dbc900)
	/root/.gimme/versions/go1.14.12.linux.amd64/src/bytes/buffer.go:204 +0xb1
crypto/tls.(*Conn).readFromUntil(0xc00093a700, 0x43e2d60, 0xc000742020, 0x5, 0xc000742020, 0x9)
	/root/.gimme/versions/go1.14.12.linux.amd64/src/crypto/tls/conn.go:782 +0xec
crypto/tls.(*Conn).readRecordOrCCS(0xc00093a700, 0x0, 0x0, 0x0)
	/root/.gimme/versions/go1.14.12.linux.amd64/src/crypto/tls/conn.go:589 +0x115
crypto/tls.(*Conn).readRecord(...)
	/root/.gimme/versions/go1.14.12.linux.amd64/src/crypto/tls/conn.go:557
crypto/tls.(*Conn).Read(0xc00093a700, 0xc000562000, 0x8000, 0x8000, 0x0, 0x0, 0x0)
	/root/.gimme/versions/go1.14.12.linux.amd64/src/crypto/tls/conn.go:1233 +0x15b
bufio.(*Reader).Read(0xc000c40120, 0xc00097c2d8, 0x9, 0x9, 0xc0006e8000, 0x7fba18afe560, 0x0)
	/root/.gimme/versions/go1.14.12.linux.amd64/src/bufio/bufio.go:226 +0x24f
io.ReadAtLeast(0x43decc0, 0xc000c40120, 0xc00097c2d8, 0x9, 0x9, 0x9, 0x1bf2185, 0xc000430fc0, 0xc000430004)
	/root/.gimme/versions/go1.14.12.linux.amd64/src/io/io.go:310 +0x87
io.ReadFull(...)
	/root/.gimme/versions/go1.14.12.linux.amd64/src/io/io.go:329
golang.org/x/net/http2.readFrameHeader(0xc00097c2d8, 0x9, 0x9, 0x43decc0, 0xc000c40120, 0x0, 0x0, 0xc000430fc0, 0x0)
	/.omnibus/src/datadog-agent/src/github.com/DataDog/datadog-agent/vendor/golang.org/x/net/http2/frame.go:237 +0x87
golang.org/x/net/http2.(*Framer).ReadFrame(0xc00097c2a0, 0xc000430fc0, 0xc000430f00, 0x0, 0x0)
	/.omnibus/src/datadog-agent/src/github.com/DataDog/datadog-agent/vendor/golang.org/x/net/http2/frame.go:492 +0xa1
google.golang.org/grpc/internal/transport.(*http2Client).reader(0xc00059cfc0)
	/.omnibus/src/datadog-agent/src/github.com/DataDog/datadog-agent/vendor/google.golang.org/grpc/internal/transport/http2_client.go:1264 +0x16f
created by google.golang.org/grpc/internal/transport.newHTTP2Client
	/.omnibus/src/datadog-agent/src/github.com/DataDog/datadog-agent/vendor/google.golang.org/grpc/internal/transport/http2_client.go:300 +0xd23
goroutine 270 [IO wait, 6517 minutes]:
internal/poll.runtime_pollWait(0x7fba18973de0, 0x72, 0xffffffffffffffff)
	/root/.gimme/versions/go1.14.12.linux.amd64/src/runtime/netpoll.go:203 +0x55
internal/poll.(*pollDesc).wait(0xc00057a398, 0x72, 0x800, 0x811, 0xffffffffffffffff)
	/root/.gimme/versions/go1.14.12.linux.amd64/src/internal/poll/fd_poll_runtime.go:87 +0x45
internal/poll.(*pollDesc).waitRead(...)
	/root/.gimme/versions/go1.14.12.linux.amd64/src/internal/poll/fd_poll_runtime.go:92
internal/poll.(*FD).Read(0xc00057a380, 0xc000c4a000, 0x811, 0x811, 0x0, 0x0, 0x0)
	/root/.gimme/versions/go1.14.12.linux.amd64/src/internal/poll/fd_unix.go:169 +0x19b
net.(*netFD).Read(0xc00057a380, 0xc000c4a000, 0x811, 0x811, 0x203000, 0x1862d70, 0xc0005939b8)
	/root/.gimme/versions/go1.14.12.linux.amd64/src/net/fd_unix.go:202 +0x4f
net.(*conn).Read(0xc0007164c8, 0xc000c4a000, 0x811, 0x811, 0x0, 0x0, 0x0)
	/root/.gimme/versions/go1.14.12.linux.amd64/src/net/net.go:184 +0x8e
crypto/tls.(*atLeastReader).Read(0xc00071a080, 0xc000c4a000, 0x811, 0x811, 0x1a, 0x7e9, 0xc0006f1a48)
	/root/.gimme/versions/go1.14.12.linux.amd64/src/crypto/tls/conn.go:760 +0x60
bytes.(*Buffer).ReadFrom(0xc000593ad8, 0x43deee0, 0xc00071a080, 0x15a50f5, 0x3a465c0, 0x3dbc900)
	/root/.gimme/versions/go1.14.12.linux.amd64/src/bytes/buffer.go:204 +0xb1
crypto/tls.(*Conn).readFromUntil(0xc000593880, 0x43e2d60, 0xc0007164c8, 0x5, 0xc0007164c8, 0x9)
	/root/.gimme/versions/go1.14.12.linux.amd64/src/crypto/tls/conn.go:782 +0xec
crypto/tls.(*Conn).readRecordOrCCS(0xc000593880, 0x0, 0x0, 0x15b24ce)
	/root/.gimme/versions/go1.14.12.linux.amd64/src/crypto/tls/conn.go:589 +0x115
crypto/tls.(*Conn).readRecord(...)
	/root/.gimme/versions/go1.14.12.linux.amd64/src/crypto/tls/conn.go:557
crypto/tls.(*Conn).Read(0xc000593880, 0xc000c58000, 0x8000, 0x8000, 0x0, 0x0, 0x0)
	/root/.gimme/versions/go1.14.12.linux.amd64/src/crypto/tls/conn.go:1233 +0x15b
bufio.(*Reader).Read(0xc000749260, 0xc0000e2578, 0x9, 0x9, 0xc000580000, 0x7fba18aff2f0, 0x0)
	/root/.gimme/versions/go1.14.12.linux.amd64/src/bufio/bufio.go:226 +0x24f
io.ReadAtLeast(0x43decc0, 0xc000749260, 0xc0000e2578, 0x9, 0x9, 0x9, 0x1bf2185, 0xc0008022d0, 0xc000800004)
	/root/.gimme/versions/go1.14.12.linux.amd64/src/io/io.go:310 +0x87
io.ReadFull(...)
	/root/.gimme/versions/go1.14.12.linux.amd64/src/io/io.go:329
golang.org/x/net/http2.readFrameHeader(0xc0000e2578, 0x9, 0x9, 0x43decc0, 0xc000749260, 0x0, 0x0, 0xc0008022d0, 0x0)
	/.omnibus/src/datadog-agent/src/github.com/DataDog/datadog-agent/vendor/golang.org/x/net/http2/frame.go:237 +0x87
golang.org/x/net/http2.(*Framer).ReadFrame(0xc0000e2540, 0xc0008022d0, 0xc000802200, 0x0, 0x0)
	/.omnibus/src/datadog-agent/src/github.com/DataDog/datadog-agent/vendor/golang.org/x/net/http2/frame.go:492 +0xa1
google.golang.org/grpc/internal/transport.(*http2Client).reader(0xc000370a80)
	/.omnibus/src/datadog-agent/src/github.com/DataDog/datadog-agent/vendor/google.golang.org/grpc/internal/transport/http2_client.go:1264 +0x16f
created by google.golang.org/grpc/internal/transport.newHTTP2Client
	/.omnibus/src/datadog-agent/src/github.com/DataDog/datadog-agent/vendor/google.golang.org/grpc/internal/transport/http2_client.go:300 +0xd23
goroutine 236 [select, 6517 minutes]:
google.golang.org/grpc.(*ccBalancerWrapper).watcher(0xc00004fe80)
	/.omnibus/src/datadog-agent/src/github.com/DataDog/datadog-agent/vendor/google.golang.org/grpc/balancer_conn_wrappers.go:69 +0xc2
created by google.golang.org/grpc.newCCBalancerWrapper
	/.omnibus/src/datadog-agent/src/github.com/DataDog/datadog-agent/vendor/google.golang.org/grpc/balancer_conn_wrappers.go:60 +0x16d
goroutine 237 [chan receive, 6517 minutes]:
google.golang.org/grpc.(*addrConn).resetTransport(0xc00014c2c0)
	/.omnibus/src/datadog-agent/src/github.com/DataDog/datadog-agent/vendor/google.golang.org/grpc/clientconn.go:1164 +0x6ea
created by google.golang.org/grpc.(*addrConn).connect
	/.omnibus/src/datadog-agent/src/github.com/DataDog/datadog-agent/vendor/google.golang.org/grpc/clientconn.go:800 +0x128
goroutine 238 [chan receive (nil chan), 6517 minutes]:
github.com/DataDog/datadog-agent/cmd/agent/api/pb.RegisterAgentHandlerFromEndpoint.func1.1(0x4465b80, 0xc000124010, 0xc00091a380, 0xc000905100, 0xe)
	/.omnibus/src/datadog-agent/src/github.com/DataDog/datadog-agent/cmd/agent/api/pb/api.pb.gw.go:189 +0x4c
created by github.com/DataDog/datadog-agent/cmd/agent/api/pb.RegisterAgentHandlerFromEndpoint.func1
	/.omnibus/src/datadog-agent/src/github.com/DataDog/datadog-agent/cmd/agent/api/pb/api.pb.gw.go:188 +0x1b4
goroutine 239 [select, 6517 minutes]:
google.golang.org/grpc.(*ccBalancerWrapper).watcher(0xc00012a740)
	/.omnibus/src/datadog-agent/src/github.com/DataDog/datadog-agent/vendor/google.golang.org/grpc/balancer_conn_wrappers.go:69 +0xc2
created by google.golang.org/grpc.newCCBalancerWrapper
	/.omnibus/src/datadog-agent/src/github.com/DataDog/datadog-agent/vendor/google.golang.org/grpc/balancer_conn_wrappers.go:60 +0x16d
goroutine 240 [chan receive, 6517 minutes]:
google.golang.org/grpc.(*addrConn).resetTransport(0xc00014c580)
	/.omnibus/src/datadog-agent/src/github.com/DataDog/datadog-agent/vendor/google.golang.org/grpc/clientconn.go:1164 +0x6ea
created by google.golang.org/grpc.(*addrConn).connect
	/.omnibus/src/datadog-agent/src/github.com/DataDog/datadog-agent/vendor/google.golang.org/grpc/clientconn.go:800 +0x128
goroutine 241 [chan receive (nil chan), 6517 minutes]:
github.com/DataDog/datadog-agent/cmd/agent/api/pb.RegisterAgentSecureHandlerFromEndpoint.func1.1(0x4465b80, 0xc000124010, 0xc00091a700, 0xc000905100, 0xe)
	/.omnibus/src/datadog-agent/src/github.com/DataDog/datadog-agent/cmd/agent/api/pb/api.pb.gw.go:258 +0x4c
created by github.com/DataDog/datadog-agent/cmd/agent/api/pb.RegisterAgentSecureHandlerFromEndpoint.func1
	/.omnibus/src/datadog-agent/src/github.com/DataDog/datadog-agent/cmd/agent/api/pb/api.pb.gw.go:257 +0x1b4
goroutine 242 [IO wait]:
internal/poll.runtime_pollWait(0x7fba18973c20, 0x72, 0x0)
	/root/.gimme/versions/go1.14.12.linux.amd64/src/runtime/netpoll.go:203 +0x55
internal/poll.(*pollDesc).wait(0xc0004aef18, 0x72, 0x0, 0x0, 0x3e86d65)
	/root/.gimme/versions/go1.14.12.linux.amd64/src/internal/poll/fd_poll_runtime.go:87 +0x45
internal/poll.(*pollDesc).waitRead(...)
	/root/.gimme/versions/go1.14.12.linux.amd64/src/internal/poll/fd_poll_runtime.go:92
internal/poll.(*FD).Accept(0xc0004aef00, 0x0, 0x0, 0x0, 0x0, 0x0, 0x0, 0x0)
	/root/.gimme/versions/go1.14.12.linux.amd64/src/internal/poll/fd_unix.go:384 +0x1d4
net.(*netFD).accept(0xc0004aef00, 0x0, 0xc0006e8000, 0x7fba18afd108)
	/root/.gimme/versions/go1.14.12.linux.amd64/src/net/fd_unix.go:238 +0x42
net.(*TCPListener).accept(0xc0009063e0, 0xc0006f5e38, 0x7d81b77b, 0xa06a4be5f4be59c5)
	/root/.gimme/versions/go1.14.12.linux.amd64/src/net/tcpsock_posix.go:139 +0x32
net.(*TCPListener).Accept(0xc0009063e0, 0xc00f8a3dcf, 0xf8a3dcf006af3e0, 0x6050d877, 0xc0006f5e68)
	/root/.gimme/versions/go1.14.12.linux.amd64/src/net/tcpsock.go:261 +0x64
crypto/tls.(*listener).Accept(0xc00084c8c0, 0xc0006f5eb8, 0x18, 0xc000583b00, 0x1a8c31c)
	/root/.gimme/versions/go1.14.12.linux.amd64/src/crypto/tls/tls.go:55 +0x37
net/http.(*Server).Serve(0xc00097c7e0, 0x4442580, 0xc00084c8c0, 0x0, 0x0)
	/root/.gimme/versions/go1.14.12.linux.amd64/src/net/http/server.go:2930 +0x25d
created by github.com/DataDog/datadog-agent/cmd/agent/api.StartServer
	/.omnibus/src/datadog-agent/src/github.com/DataDog/datadog-agent/cmd/agent/api/server.go:140 +0xa04
goroutine 243 [select]:
github.com/DataDog/datadog-agent/pkg/forwarder.(*Worker).Start.func1(0xc00012ad00)
	/.omnibus/src/datadog-agent/src/github.com/DataDog/datadog-agent/pkg/forwarder/worker.go:104 +0x202
created by github.com/DataDog/datadog-agent/pkg/forwarder.(*Worker).Start
	/.omnibus/src/datadog-agent/src/github.com/DataDog/datadog-agent/pkg/forwarder/worker.go:87 +0x3f
goroutine 244 [select]:
github.com/DataDog/datadog-agent/pkg/forwarder.(*domainForwarder).handleFailedTransactions(0xc0007b7ea0)
	/.omnibus/src/datadog-agent/src/github.com/DataDog/datadog-agent/pkg/forwarder/domain_forwarder.go:140 +0x118
created by github.com/DataDog/datadog-agent/pkg/forwarder.(*domainForwarder).Start
	/.omnibus/src/datadog-agent/src/github.com/DataDog/datadog-agent/pkg/forwarder/domain_forwarder.go:197 +0x494
goroutine 137 [select, 6517 minutes]:
net/http.(*http2serverConn).serve(0xc000884480)
	/root/.gimme/versions/go1.14.12.linux.amd64/src/net/http/h2_bundle.go:4430 +0x58a
net/http.(*http2Server).ServeConn(0xc0003d56c0, 0x4486980, 0xc00093b500, 0xc00077fbe0)
	/root/.gimme/versions/go1.14.12.linux.amd64/src/net/http/h2_bundle.go:4038 +0x70d
net/http.http2ConfigureServer.func1(0xc00097c7e0, 0xc00093b500, 0x43e5660, 0xc0002f00a0)
	/root/.gimme/versions/go1.14.12.linux.amd64/src/net/http/h2_bundle.go:3864 +0xef
net/http.(*conn).serve(0xc00070ee60, 0x4465c00, 0xc0006af3b0)
	/root/.gimme/versions/go1.14.12.linux.amd64/src/net/http/server.go:1833 +0x1220
created by net/http.(*Server).Serve
	/root/.gimme/versions/go1.14.12.linux.amd64/src/net/http/server.go:2962 +0x35c
goroutine 138 [select, 6517 minutes]:
net/http.(*http2serverConn).serve(0xc000aac300)
	/root/.gimme/versions/go1.14.12.linux.amd64/src/net/http/h2_bundle.go:4430 +0x58a
net/http.(*http2Server).ServeConn(0xc0003d56c0, 0x4486980, 0xc00093b880, 0xc000275be0)
	/root/.gimme/versions/go1.14.12.linux.amd64/src/net/http/h2_bundle.go:4038 +0x70d
net/http.http2ConfigureServer.func1(0xc00097c7e0, 0xc00093b880, 0x43e5660, 0xc00000e0e0)
	/root/.gimme/versions/go1.14.12.linux.amd64/src/net/http/h2_bundle.go:3864 +0xef
net/http.(*conn).serve(0xc00070f180, 0x4465c00, 0xc0006af470)
	/root/.gimme/versions/go1.14.12.linux.amd64/src/net/http/server.go:1833 +0x1220
created by net/http.(*Server).Serve
	/root/.gimme/versions/go1.14.12.linux.amd64/src/net/http/server.go:2962 +0x35c
goroutine 204 [chan receive]:
github.com/DataDog/datadog-agent/pkg/status/health.(*catalog).run(0xc00004f500)
	/.omnibus/src/datadog-agent/src/github.com/DataDog/datadog-agent/pkg/status/health/health.go:80 +0x53
created by github.com/DataDog/datadog-agent/pkg/status/health.(*catalog).register
	/.omnibus/src/datadog-agent/src/github.com/DataDog/datadog-agent/pkg/status/health/health.go:52 +0x222
goroutine 205 [select]:
github.com/DataDog/datadog-agent/pkg/forwarder.(*forwarderHealth).healthCheckLoop(0xc00012ac80)
	/.omnibus/src/datadog-agent/src/github.com/DataDog/datadog-agent/pkg/forwarder/forwarder_health.go:116 +0x1a5
created by github.com/DataDog/datadog-agent/pkg/forwarder.(*forwarderHealth).Start
	/.omnibus/src/datadog-agent/src/github.com/DataDog/datadog-agent/pkg/forwarder/forwarder_health.go:88 +0x92
goroutine 206 [chan receive]:
github.com/DataDog/datadog-agent/pkg/status/health.(*catalog).run(0xc00004f4c0)
	/.omnibus/src/datadog-agent/src/github.com/DataDog/datadog-agent/pkg/status/health/health.go:80 +0x53
created by github.com/DataDog/datadog-agent/pkg/status/health.(*catalog).register
	/.omnibus/src/datadog-agent/src/github.com/DataDog/datadog-agent/pkg/status/health/health.go:52 +0x222
goroutine 207 [select]:
github.com/DataDog/datadog-agent/pkg/aggregator.(*BufferedAggregator).run(0xc00017e8c0)
	/.omnibus/src/datadog-agent/src/github.com/DataDog/datadog-agent/pkg/aggregator/aggregator.go:673 +0x36c
created by github.com/DataDog/datadog-agent/pkg/aggregator.InitAggregatorWithFlushInterval.func1
	/.omnibus/src/datadog-agent/src/github.com/DataDog/datadog-agent/pkg/aggregator/aggregator.go:161 +0x84
goroutine 258 [select]:
github.com/DataDog/datadog-agent/pkg/dogstatsd/listeners.(*packetsBuffer).flushLoop(0xc0007202c0)
	/.omnibus/src/datadog-agent/src/github.com/DataDog/datadog-agent/pkg/dogstatsd/listeners/packets_buffer.go:49 +0xa3
created by github.com/DataDog/datadog-agent/pkg/dogstatsd/listeners.newPacketsBuffer
	/.omnibus/src/datadog-agent/src/github.com/DataDog/datadog-agent/pkg/dogstatsd/listeners/packets_buffer.go:43 +0x10e
goroutine 259 [select]:
github.com/DataDog/datadog-agent/pkg/dogstatsd/listeners.(*packetAssembler).flushLoop(0xc0007204c0)
	/.omnibus/src/datadog-agent/src/github.com/DataDog/datadog-agent/pkg/dogstatsd/listeners/packet_assembler.go:44 +0xa3
created by github.com/DataDog/datadog-agent/pkg/dogstatsd/listeners.newPacketAssembler
	/.omnibus/src/datadog-agent/src/github.com/DataDog/datadog-agent/pkg/dogstatsd/listeners/packet_assembler.go:38 +0xe0
goroutine 306 [select]:
github.com/DataDog/datadog-agent/pkg/autodiscovery.(*AutoConfig).serviceListening(0xc0005a05a0)
	/.omnibus/src/datadog-agent/src/github.com/DataDog/datadog-agent/pkg/autodiscovery/autoconfig.go:101 +0x16b
created by github.com/DataDog/datadog-agent/pkg/autodiscovery.NewAutoConfig
	/.omnibus/src/datadog-agent/src/github.com/DataDog/datadog-agent/pkg/autodiscovery/autoconfig.go:89 +0x385
goroutine 260 [IO wait]:
internal/poll.runtime_pollWait(0x7fba18973980, 0x72, 0x0)
	/root/.gimme/versions/go1.14.12.linux.amd64/src/runtime/netpoll.go:203 +0x55
internal/poll.(*pollDesc).wait(0xc000912818, 0x72, 0x2000, 0x2000, 0x0)
	/root/.gimme/versions/go1.14.12.linux.amd64/src/internal/poll/fd_poll_runtime.go:87 +0x45
internal/poll.(*pollDesc).waitRead(...)
	/root/.gimme/versions/go1.14.12.linux.amd64/src/internal/poll/fd_poll_runtime.go:92
internal/poll.(*FD).ReadFrom(0xc000912800, 0xc00087e000, 0x2000, 0x2000, 0x0, 0x0, 0x0, 0x0, 0x0)
	/root/.gimme/versions/go1.14.12.linux.amd64/src/internal/poll/fd_unix.go:219 +0x1a3
net.(*netFD).readFrom(0xc000912800, 0xc00087e000, 0x2000, 0x2000, 0xc000b83ea8, 0x15a5195, 0x3b31fc0, 0x3c00580, 0x4406700)
	/root/.gimme/versions/go1.14.12.linux.amd64/src/net/fd_unix.go:208 +0x5b
net.(*UDPConn).readFrom(0xc00028a240, 0xc00087e000, 0x2000, 0x2000, 0xc000b83f48, 0x2d46887, 0xc000a86049, 0xc00087e000)
	/root/.gimme/versions/go1.14.12.linux.amd64/src/net/udpsock_posix.go:47 +0x6a
net.(*UDPConn).ReadFrom(0xc00028a240, 0xc00087e000, 0x2000, 0x2000, 0x0, 0x4410280, 0xc000b080f0, 0x0, 0x0)
	/root/.gimme/versions/go1.14.12.linux.amd64/src/net/udpsock.go:118 +0x5d
github.com/DataDog/datadog-agent/pkg/dogstatsd/listeners.(*UDPListener).Listen(0xc0007caa80)
	/.omnibus/src/datadog-agent/src/github.com/DataDog/datadog-agent/pkg/dogstatsd/listeners/udp.go:99 +0xf7
created by github.com/DataDog/datadog-agent/pkg/dogstatsd.(*Server).handleMessages
	/.omnibus/src/datadog-agent/src/github.com/DataDog/datadog-agent/pkg/dogstatsd/server.go:300 +0x84
goroutine 261 [select]:
github.com/DataDog/datadog-agent/pkg/dogstatsd.(*worker).run(0xc0007caed0)
	/.omnibus/src/datadog-agent/src/github.com/DataDog/datadog-agent/pkg/dogstatsd/server_worker.go:40 +0x101
created by github.com/DataDog/datadog-agent/pkg/dogstatsd.(*Server).handleMessages
	/.omnibus/src/datadog-agent/src/github.com/DataDog/datadog-agent/pkg/dogstatsd/server.go:312 +0x116
goroutine 262 [select]:
github.com/DataDog/datadog-agent/pkg/dogstatsd.(*worker).run(0xc0007cb050)
	/.omnibus/src/datadog-agent/src/github.com/DataDog/datadog-agent/pkg/dogstatsd/server_worker.go:40 +0x101
created by github.com/DataDog/datadog-agent/pkg/dogstatsd.(*Server).handleMessages
	/.omnibus/src/datadog-agent/src/github.com/DataDog/datadog-agent/pkg/dogstatsd/server.go:312 +0x116
goroutine 263 [select]:
github.com/DataDog/datadog-agent/pkg/dogstatsd.(*worker).run(0xc0007cb1d0)
	/.omnibus/src/datadog-agent/src/github.com/DataDog/datadog-agent/pkg/dogstatsd/server_worker.go:40 +0x101
created by github.com/DataDog/datadog-agent/pkg/dogstatsd.(*Server).handleMessages
	/.omnibus/src/datadog-agent/src/github.com/DataDog/datadog-agent/pkg/dogstatsd/server.go:312 +0x116
goroutine 264 [select]:
github.com/DataDog/datadog-agent/pkg/dogstatsd.(*worker).run(0xc0007cb350)
	/.omnibus/src/datadog-agent/src/github.com/DataDog/datadog-agent/pkg/dogstatsd/server_worker.go:40 +0x101
created by github.com/DataDog/datadog-agent/pkg/dogstatsd.(*Server).handleMessages
	/.omnibus/src/datadog-agent/src/github.com/DataDog/datadog-agent/pkg/dogstatsd/server.go:312 +0x116
goroutine 265 [select]:
github.com/DataDog/datadog-agent/pkg/dogstatsd.(*worker).run(0xc0007cb8f0)
	/.omnibus/src/datadog-agent/src/github.com/DataDog/datadog-agent/pkg/dogstatsd/server_worker.go:40 +0x101
created by github.com/DataDog/datadog-agent/pkg/dogstatsd.(*Server).handleMessages
	/.omnibus/src/datadog-agent/src/github.com/DataDog/datadog-agent/pkg/dogstatsd/server.go:312 +0x116
goroutine 266 [select]:
github.com/DataDog/datadog-agent/pkg/dogstatsd.(*worker).run(0xc0007cbb00)
	/.omnibus/src/datadog-agent/src/github.com/DataDog/datadog-agent/pkg/dogstatsd/server_worker.go:40 +0x101
created by github.com/DataDog/datadog-agent/pkg/dogstatsd.(*Server).handleMessages
	/.omnibus/src/datadog-agent/src/github.com/DataDog/datadog-agent/pkg/dogstatsd/server.go:312 +0x116
goroutine 252 [select]:
github.com/DataDog/datadog-agent/pkg/logs/auditor.(*RegistryAuditor).run(0xc0001600a0)
	/.omnibus/src/datadog-agent/src/github.com/DataDog/datadog-agent/pkg/logs/auditor/auditor.go:161 +0x1a2
created by github.com/DataDog/datadog-agent/pkg/logs/auditor.(*RegistryAuditor).Start
	/.omnibus/src/datadog-agent/src/github.com/DataDog/datadog-agent/pkg/logs/auditor/auditor.go:87 +0x81
goroutine 294824 [IO wait]:
internal/poll.runtime_pollWait(0x7fba18973280, 0x72, 0xffffffffffffffff)
	/root/.gimme/versions/go1.14.12.linux.amd64/src/runtime/netpoll.go:203 +0x55
internal/poll.(*pollDesc).wait(0xc000536218, 0x72, 0x800, 0x808, 0xffffffffffffffff)
	/root/.gimme/versions/go1.14.12.linux.amd64/src/internal/poll/fd_poll_runtime.go:87 +0x45
internal/poll.(*pollDesc).waitRead(...)
	/root/.gimme/versions/go1.14.12.linux.amd64/src/internal/poll/fd_poll_runtime.go:92
internal/poll.(*FD).Read(0xc000536200, 0xc00163c900, 0x808, 0x808, 0x0, 0x0, 0x0)
	/root/.gimme/versions/go1.14.12.linux.amd64/src/internal/poll/fd_unix.go:169 +0x19b
net.(*netFD).Read(0xc000536200, 0xc00163c900, 0x808, 0x808, 0x203000, 0x1709edb, 0xc0016fd073)
	/root/.gimme/versions/go1.14.12.linux.amd64/src/net/fd_unix.go:202 +0x4f
net.(*conn).Read(0xc00028a178, 0xc00163c900, 0x808, 0x808, 0x0, 0x0, 0x0)
	/root/.gimme/versions/go1.14.12.linux.amd64/src/net/net.go:184 +0x8e
crypto/tls.(*atLeastReader).Read(0xc000a0a1c0, 0xc00163c900, 0x808, 0x808, 0xc000d13908, 0x15b24ce, 0xc000d13900)
	/root/.gimme/versions/go1.14.12.linux.amd64/src/crypto/tls/conn.go:760 +0x60
bytes.(*Buffer).ReadFrom(0xc001318258, 0x43deee0, 0xc000a0a1c0, 0x15a50f5, 0x3a465c0, 0x3dbc900)
	/root/.gimme/versions/go1.14.12.linux.amd64/src/bytes/buffer.go:204 +0xb1
crypto/tls.(*Conn).readFromUntil(0xc001318000, 0x43e2d60, 0xc00028a178, 0x5, 0xc00028a178, 0x3bd8500)
	/root/.gimme/versions/go1.14.12.linux.amd64/src/crypto/tls/conn.go:782 +0xec
crypto/tls.(*Conn).readRecordOrCCS(0xc001318000, 0x0, 0x0, 0x0)
	/root/.gimme/versions/go1.14.12.linux.amd64/src/crypto/tls/conn.go:589 +0x115
crypto/tls.(*Conn).readRecord(...)
	/root/.gimme/versions/go1.14.12.linux.amd64/src/crypto/tls/conn.go:557
crypto/tls.(*Conn).Read(0xc001318000, 0xc0016fd000, 0x1000, 0x1000, 0x0, 0x0, 0x0)
	/root/.gimme/versions/go1.14.12.linux.amd64/src/crypto/tls/conn.go:1233 +0x15b
net/http.(*persistConn).Read(0xc0002e05a0, 0xc0016fd000, 0x1000, 0x1000, 0xc001628120, 0xc000d13c58, 0x159f9c5)
	/root/.gimme/versions/go1.14.12.linux.amd64/src/net/http/transport.go:1884 +0x75
bufio.(*Reader).fill(0xc0005520c0)
	/root/.gimme/versions/go1.14.12.linux.amd64/src/bufio/bufio.go:100 +0x103
bufio.(*Reader).Peek(0xc0005520c0, 0x1, 0x0, 0x0, 0x1, 0x0, 0xc001490000)
	/root/.gimme/versions/go1.14.12.linux.amd64/src/bufio/bufio.go:138 +0x4f
net/http.(*persistConn).readLoop(0xc0002e05a0)
	/root/.gimme/versions/go1.14.12.linux.amd64/src/net/http/transport.go:2037 +0x1a8
created by net/http.(*Transport).dialConn
	/root/.gimme/versions/go1.14.12.linux.amd64/src/net/http/transport.go:1706 +0xc56
goroutine 140 [select, 6517 minutes]:
google.golang.org/grpc/internal/transport.(*controlBuffer).get(0xc000160640, 0x1, 0x0, 0x0, 0x0, 0x0)
	/.omnibus/src/datadog-agent/src/github.com/DataDog/datadog-agent/vendor/google.golang.org/grpc/internal/transport/controlbuf.go:395 +0x122
google.golang.org/grpc/internal/transport.(*loopyWriter).run(0xc000c401e0, 0x0, 0x0)
	/.omnibus/src/datadog-agent/src/github.com/DataDog/datadog-agent/vendor/google.golang.org/grpc/internal/transport/controlbuf.go:513 +0x1cd
google.golang.org/grpc/internal/transport.newHTTP2Client.func3(0xc00059cfc0)
	/.omnibus/src/datadog-agent/src/github.com/DataDog/datadog-agent/vendor/google.golang.org/grpc/internal/transport/http2_client.go:346 +0x7b
created by google.golang.org/grpc/internal/transport.newHTTP2Client
	/.omnibus/src/datadog-agent/src/github.com/DataDog/datadog-agent/vendor/google.golang.org/grpc/internal/transport/http2_client.go:344 +0xedb
goroutine 271 [select, 6517 minutes]:
google.golang.org/grpc/internal/transport.(*controlBuffer).get(0xc0007c65f0, 0x1, 0x0, 0x0, 0x0, 0x0)
	/.omnibus/src/datadog-agent/src/github.com/DataDog/datadog-agent/vendor/google.golang.org/grpc/internal/transport/controlbuf.go:395 +0x122
google.golang.org/grpc/internal/transport.(*loopyWriter).run(0xc000749380, 0x0, 0x0)
	/.omnibus/src/datadog-agent/src/github.com/DataDog/datadog-agent/vendor/google.golang.org/grpc/internal/transport/controlbuf.go:513 +0x1cd
google.golang.org/grpc/internal/transport.newHTTP2Client.func3(0xc000370a80)
	/.omnibus/src/datadog-agent/src/github.com/DataDog/datadog-agent/vendor/google.golang.org/grpc/internal/transport/http2_client.go:346 +0x7b
created by google.golang.org/grpc/internal/transport.newHTTP2Client
	/.omnibus/src/datadog-agent/src/github.com/DataDog/datadog-agent/vendor/google.golang.org/grpc/internal/transport/http2_client.go:344 +0xedb
goroutine 247 [IO wait, 6517 minutes]:
internal/poll.runtime_pollWait(0x7fba18973d00, 0x72, 0xffffffffffffffff)
	/root/.gimme/versions/go1.14.12.linux.amd64/src/runtime/netpoll.go:203 +0x55
internal/poll.(*pollDesc).wait(0xc00057a898, 0x72, 0x200, 0x205, 0xffffffffffffffff)
	/root/.gimme/versions/go1.14.12.linux.amd64/src/internal/poll/fd_poll_runtime.go:87 +0x45
internal/poll.(*pollDesc).waitRead(...)
	/root/.gimme/versions/go1.14.12.linux.amd64/src/internal/poll/fd_poll_runtime.go:92
internal/poll.(*FD).Read(0xc00057a880, 0xc000a92000, 0x205, 0x205, 0x0, 0x0, 0x0)
	/root/.gimme/versions/go1.14.12.linux.amd64/src/internal/poll/fd_unix.go:169 +0x19b
net.(*netFD).Read(0xc00057a880, 0xc000a92000, 0x205, 0x205, 0x203000, 0x1862d70, 0xc00093b638)
	/root/.gimme/versions/go1.14.12.linux.amd64/src/net/fd_unix.go:202 +0x4f
net.(*conn).Read(0xc000742030, 0xc000a92000, 0x205, 0x205, 0x0, 0x0, 0x0)
	/root/.gimme/versions/go1.14.12.linux.amd64/src/net/net.go:184 +0x8e
crypto/tls.(*atLeastReader).Read(0xc000134200, 0xc000a92000, 0x205, 0x205, 0x1a, 0x200, 0xc000777aa0)
	/root/.gimme/versions/go1.14.12.linux.amd64/src/crypto/tls/conn.go:760 +0x60
bytes.(*Buffer).ReadFrom(0xc00093b758, 0x43deee0, 0xc000134200, 0x15a50f5, 0x3a465c0, 0x3dbc900)
	/root/.gimme/versions/go1.14.12.linux.amd64/src/bytes/buffer.go:204 +0xb1
crypto/tls.(*Conn).readFromUntil(0xc00093b500, 0x43e2d60, 0xc000742030, 0x5, 0xc000742030, 0x9)
	/root/.gimme/versions/go1.14.12.linux.amd64/src/crypto/tls/conn.go:782 +0xec
crypto/tls.(*Conn).readRecordOrCCS(0xc00093b500, 0x0, 0x0, 0xc000777d08)
	/root/.gimme/versions/go1.14.12.linux.amd64/src/crypto/tls/conn.go:589 +0x115
crypto/tls.(*Conn).readRecord(...)
	/root/.gimme/versions/go1.14.12.linux.amd64/src/crypto/tls/conn.go:557
crypto/tls.(*Conn).Read(0xc00093b500, 0xc000a0e118, 0x9, 0x9, 0x0, 0x0, 0x0)
	/root/.gimme/versions/go1.14.12.linux.amd64/src/crypto/tls/conn.go:1233 +0x15b
io.ReadAtLeast(0x7fb9ec04d148, 0xc00093b500, 0xc000a0e118, 0x9, 0x9, 0x9, 0x1000001a4e665, 0x0, 0x1)
	/root/.gimme/versions/go1.14.12.linux.amd64/src/io/io.go:310 +0x87
io.ReadFull(...)
	/root/.gimme/versions/go1.14.12.linux.amd64/src/io/io.go:329
net/http.http2readFrameHeader(0xc000a0e118, 0x9, 0x9, 0x7fb9ec04d148, 0xc00093b500, 0x0, 0xc000000000, 0xc000777f28, 0xc00010e6c0)
	/root/.gimme/versions/go1.14.12.linux.amd64/src/net/http/h2_bundle.go:1479 +0x87
net/http.(*http2Framer).ReadFrame(0xc000a0e0e0, 0xc000777ee0, 0x2, 0x0, 0x1)
	/root/.gimme/versions/go1.14.12.linux.amd64/src/net/http/h2_bundle.go:1737 +0xa1
net/http.(*http2serverConn).readFrames(0xc000884480)
	/root/.gimme/versions/go1.14.12.linux.amd64/src/net/http/h2_bundle.go:4317 +0xa4
created by net/http.(*http2serverConn).serve
	/root/.gimme/versions/go1.14.12.linux.amd64/src/net/http/h2_bundle.go:4422 +0x349
goroutine 253 [select]:
github.com/DataDog/datadog-agent/pkg/logs/sender.(*batchStrategy).Send(0xc0002f16a0, 0xc0004e3d40, 0xc0004e3bc0, 0xc0003f89a0, 0xc0006fa470)
	/.omnibus/src/datadog-agent/src/github.com/DataDog/datadog-agent/pkg/logs/sender/batch_strategy.go:68 +0x103
github.com/DataDog/datadog-agent/pkg/logs/sender.(*Sender).run(0xc0006fa440)
	/.omnibus/src/datadog-agent/src/github.com/DataDog/datadog-agent/pkg/logs/sender/sender.go:66 +0xab
created by github.com/DataDog/datadog-agent/pkg/logs/sender.(*Sender).Start
	/.omnibus/src/datadog-agent/src/github.com/DataDog/datadog-agent/pkg/logs/sender/sender.go:47 +0x3f
goroutine 254 [chan receive, 6517 minutes]:
github.com/DataDog/datadog-agent/pkg/logs/processor.(*Processor).run(0xc0004e3e00)
	/.omnibus/src/datadog-agent/src/github.com/DataDog/datadog-agent/pkg/logs/processor/processor.go:73 +0x74
created by github.com/DataDog/datadog-agent/pkg/logs/processor.(*Processor).Start
	/.omnibus/src/datadog-agent/src/github.com/DataDog/datadog-agent/pkg/logs/processor/processor.go:45 +0x3f
goroutine 255 [select]:
github.com/DataDog/datadog-agent/pkg/logs/sender.(*batchStrategy).Send(0xc0002f16e0, 0xc000232000, 0xc0004e3bc0, 0xc0003f89b0, 0xc0006fa4b0)
	/.omnibus/src/datadog-agent/src/github.com/DataDog/datadog-agent/pkg/logs/sender/batch_strategy.go:68 +0x103
github.com/DataDog/datadog-agent/pkg/logs/sender.(*Sender).run(0xc0006fa480)
	/.omnibus/src/datadog-agent/src/github.com/DataDog/datadog-agent/pkg/logs/sender/sender.go:66 +0xab
created by github.com/DataDog/datadog-agent/pkg/logs/sender.(*Sender).Start
	/.omnibus/src/datadog-agent/src/github.com/DataDog/datadog-agent/pkg/logs/sender/sender.go:47 +0x3f
goroutine 256 [chan receive, 6517 minutes]:
github.com/DataDog/datadog-agent/pkg/logs/processor.(*Processor).run(0xc0002320c0)
	/.omnibus/src/datadog-agent/src/github.com/DataDog/datadog-agent/pkg/logs/processor/processor.go:73 +0x74
created by github.com/DataDog/datadog-agent/pkg/logs/processor.(*Processor).Start
	/.omnibus/src/datadog-agent/src/github.com/DataDog/datadog-agent/pkg/logs/processor/processor.go:45 +0x3f
goroutine 257 [select]:
github.com/DataDog/datadog-agent/pkg/logs/sender.(*batchStrategy).Send(0xc0002f1720, 0xc000232240, 0xc0004e3bc0, 0xc0003f89f0, 0xc0006fa4f0)
	/.omnibus/src/datadog-agent/src/github.com/DataDog/datadog-agent/pkg/logs/sender/batch_strategy.go:68 +0x103
github.com/DataDog/datadog-agent/pkg/logs/sender.(*Sender).run(0xc0006fa4c0)
	/.omnibus/src/datadog-agent/src/github.com/DataDog/datadog-agent/pkg/logs/sender/sender.go:66 +0xab
created by github.com/DataDog/datadog-agent/pkg/logs/sender.(*Sender).Start
	/.omnibus/src/datadog-agent/src/github.com/DataDog/datadog-agent/pkg/logs/sender/sender.go:47 +0x3f
goroutine 274 [chan receive, 6517 minutes]:
github.com/DataDog/datadog-agent/pkg/logs/processor.(*Processor).run(0xc000232360)
	/.omnibus/src/datadog-agent/src/github.com/DataDog/datadog-agent/pkg/logs/processor/processor.go:73 +0x74
created by github.com/DataDog/datadog-agent/pkg/logs/processor.(*Processor).Start
	/.omnibus/src/datadog-agent/src/github.com/DataDog/datadog-agent/pkg/logs/processor/processor.go:45 +0x3f
goroutine 275 [select]:
github.com/DataDog/datadog-agent/pkg/logs/sender.(*batchStrategy).Send(0xc0002f1780, 0xc000232480, 0xc0004e3bc0, 0xc0003f8a00, 0xc0006fa530)
	/.omnibus/src/datadog-agent/src/github.com/DataDog/datadog-agent/pkg/logs/sender/batch_strategy.go:68 +0x103
github.com/DataDog/datadog-agent/pkg/logs/sender.(*Sender).run(0xc0006fa500)
	/.omnibus/src/datadog-agent/src/github.com/DataDog/datadog-agent/pkg/logs/sender/sender.go:66 +0xab
created by github.com/DataDog/datadog-agent/pkg/logs/sender.(*Sender).Start
	/.omnibus/src/datadog-agent/src/github.com/DataDog/datadog-agent/pkg/logs/sender/sender.go:47 +0x3f
goroutine 276 [chan receive, 6517 minutes]:
github.com/DataDog/datadog-agent/pkg/logs/processor.(*Processor).run(0xc000232540)
	/.omnibus/src/datadog-agent/src/github.com/DataDog/datadog-agent/pkg/logs/processor/processor.go:73 +0x74
created by github.com/DataDog/datadog-agent/pkg/logs/processor.(*Processor).Start
	/.omnibus/src/datadog-agent/src/github.com/DataDog/datadog-agent/pkg/logs/processor/processor.go:45 +0x3f
goroutine 277 [select]:
github.com/DataDog/datadog-agent/pkg/logs/input/file.(*Scanner).run(0xc0001900e0)
	/.omnibus/src/datadog-agent/src/github.com/DataDog/datadog-agent/pkg/logs/input/file/scanner.go:71 +0x14f
created by github.com/DataDog/datadog-agent/pkg/logs/input/file.(*Scanner).Start
	/.omnibus/src/datadog-agent/src/github.com/DataDog/datadog-agent/pkg/logs/input/file/scanner.go:56 +0x3f
goroutine 278 [select, 6517 minutes]:
github.com/DataDog/datadog-agent/pkg/logs/input/docker.(*Launcher).run(0xc0002e8f20)
	/.omnibus/src/datadog-agent/src/github.com/DataDog/datadog-agent/pkg/logs/input/docker/launcher.go:122 +0x28b
created by github.com/DataDog/datadog-agent/pkg/logs/input/docker.(*Launcher).Start
	/.omnibus/src/datadog-agent/src/github.com/DataDog/datadog-agent/pkg/logs/input/docker/launcher.go:96 +0x84
goroutine 279 [select, 6517 minutes]:
github.com/DataDog/datadog-agent/pkg/logs/input/listener.(*Launcher).run(0xc000160280)
	/.omnibus/src/datadog-agent/src/github.com/DataDog/datadog-agent/pkg/logs/input/listener/launcher.go:43 +0x118
created by github.com/DataDog/datadog-agent/pkg/logs/input/listener.(*Launcher).Start
	/.omnibus/src/datadog-agent/src/github.com/DataDog/datadog-agent/pkg/logs/input/listener/launcher.go:37 +0x3f
goroutine 280 [select, 6517 minutes]:
github.com/DataDog/datadog-agent/pkg/logs/input/journald.(*Launcher).run(0xc0006fa340)
	/.omnibus/src/datadog-agent/src/github.com/DataDog/datadog-agent/pkg/logs/input/journald/launcher.go:46 +0xbb
created by github.com/DataDog/datadog-agent/pkg/logs/input/journald.(*Launcher).Start
	/.omnibus/src/datadog-agent/src/github.com/DataDog/datadog-agent/pkg/logs/input/journald/launcher.go:40 +0x3f
goroutine 281 [select, 6517 minutes]:
github.com/DataDog/datadog-agent/pkg/logs/input/windowsevent.(*Launcher).run(0xc000ff06f0)
	/.omnibus/src/datadog-agent/src/github.com/DataDog/datadog-agent/pkg/logs/input/windowsevent/launcher.go:48 +0xd0
created by github.com/DataDog/datadog-agent/pkg/logs/input/windowsevent.(*Launcher).Start
	/.omnibus/src/datadog-agent/src/github.com/DataDog/datadog-agent/pkg/logs/input/windowsevent/launcher.go:42 +0xc4
goroutine 282 [select, 6517 minutes]:
github.com/DataDog/datadog-agent/pkg/logs/input/traps.(*Launcher).run(0xc000ff0720)
	/.omnibus/src/datadog-agent/src/github.com/DataDog/datadog-agent/pkg/logs/input/traps/launcher.go:44 +0xb3
created by github.com/DataDog/datadog-agent/pkg/logs/input/traps.(*Launcher).Start
	/.omnibus/src/datadog-agent/src/github.com/DataDog/datadog-agent/pkg/logs/input/traps/launcher.go:33 +0x3f
goroutine 292 [select]:
github.com/DataDog/datadog-agent/pkg/tagger/local.(*Tagger).run(0xc00043a380, 0xc000716f70, 0x3fb9f18)
	/.omnibus/src/datadog-agent/src/github.com/DataDog/datadog-agent/pkg/tagger/local/tagger.go:92 +0x142
created by github.com/DataDog/datadog-agent/pkg/tagger/local.(*Tagger).Init
	/.omnibus/src/datadog-agent/src/github.com/DataDog/datadog-agent/pkg/tagger/local/tagger.go:84 +0x8a
goroutine 294 [chan receive]:
github.com/DataDog/datadog-agent/pkg/collector/runner.(*Runner).work(0xc000431410)
	/.omnibus/src/datadog-agent/src/github.com/DataDog/datadog-agent/pkg/collector/runner/runner.go:245 +0x143
created by github.com/DataDog/datadog-agent/pkg/collector/runner.(*Runner).AddWorker
	/.omnibus/src/datadog-agent/src/github.com/DataDog/datadog-agent/pkg/collector/runner/runner.go:100 +0x8a
goroutine 295 [chan receive]:
github.com/DataDog/datadog-agent/pkg/collector/runner.(*Runner).work(0xc000431410)
	/.omnibus/src/datadog-agent/src/github.com/DataDog/datadog-agent/pkg/collector/runner/runner.go:245 +0x143
created by github.com/DataDog/datadog-agent/pkg/collector/runner.(*Runner).AddWorker
	/.omnibus/src/datadog-agent/src/github.com/DataDog/datadog-agent/pkg/collector/runner/runner.go:100 +0x8a
goroutine 296 [chan receive]:
github.com/DataDog/datadog-agent/pkg/collector/runner.(*Runner).work(0xc000431410)
	/.omnibus/src/datadog-agent/src/github.com/DataDog/datadog-agent/pkg/collector/runner/runner.go:245 +0x143
created by github.com/DataDog/datadog-agent/pkg/collector/runner.(*Runner).AddWorker
	/.omnibus/src/datadog-agent/src/github.com/DataDog/datadog-agent/pkg/collector/runner/runner.go:100 +0x8a
goroutine 297 [chan receive]:
github.com/DataDog/datadog-agent/pkg/collector/runner.(*Runner).work(0xc000431410)
	/.omnibus/src/datadog-agent/src/github.com/DataDog/datadog-agent/pkg/collector/runner/runner.go:245 +0x143
created by github.com/DataDog/datadog-agent/pkg/collector/runner.(*Runner).AddWorker
	/.omnibus/src/datadog-agent/src/github.com/DataDog/datadog-agent/pkg/collector/runner/runner.go:100 +0x8a
goroutine 298 [chan receive, 6517 minutes]:
github.com/DataDog/datadog-agent/pkg/collector/scheduler.(*Scheduler).Run.func1(0xc000051bc0)
	/.omnibus/src/datadog-agent/src/github.com/DataDog/datadog-agent/pkg/collector/scheduler/scheduler.go:162 +0xb4
created by github.com/DataDog/datadog-agent/pkg/collector/scheduler.(*Scheduler).Run
	/.omnibus/src/datadog-agent/src/github.com/DataDog/datadog-agent/pkg/collector/scheduler/scheduler.go:150 +0x98
goroutine 308 [select]:
github.com/DataDog/datadog-agent/pkg/collector/scheduler.(*jobQueue).process(0xc00106e000, 0xc000051bc0, 0x1)
	/.omnibus/src/datadog-agent/src/github.com/DataDog/datadog-agent/pkg/collector/scheduler/job.go:175 +0x10d
github.com/DataDog/datadog-agent/pkg/collector/scheduler.(*jobQueue).run.func1(0xc00106e000, 0xc000051bc0)
	/.omnibus/src/datadog-agent/src/github.com/DataDog/datadog-agent/pkg/collector/scheduler/job.go:164 +0x5f
created by github.com/DataDog/datadog-agent/pkg/collector/scheduler.(*jobQueue).run
	/.omnibus/src/datadog-agent/src/github.com/DataDog/datadog-agent/pkg/collector/scheduler/job.go:162 +0x49
goroutine 294674 [IO wait, 2 minutes]:
internal/poll.runtime_pollWait(0x7fba189840e8, 0x72, 0xffffffffffffffff)
	/root/.gimme/versions/go1.14.12.linux.amd64/src/runtime/netpoll.go:203 +0x55
internal/poll.(*pollDesc).wait(0xc000847d18, 0x72, 0x200, 0x205, 0xffffffffffffffff)
	/root/.gimme/versions/go1.14.12.linux.amd64/src/internal/poll/fd_poll_runtime.go:87 +0x45
internal/poll.(*pollDesc).waitRead(...)
	/root/.gimme/versions/go1.14.12.linux.amd64/src/internal/poll/fd_poll_runtime.go:92
internal/poll.(*FD).Read(0xc000847d00, 0xc000214000, 0x205, 0x205, 0x0, 0x0, 0x0)
	/root/.gimme/versions/go1.14.12.linux.amd64/src/internal/poll/fd_unix.go:169 +0x19b
net.(*netFD).Read(0xc000847d00, 0xc000214000, 0x205, 0x205, 0x203000, 0x0, 0x0)
	/root/.gimme/versions/go1.14.12.linux.amd64/src/net/fd_unix.go:202 +0x4f
net.(*conn).Read(0xc0007177c0, 0xc000214000, 0x205, 0x205, 0x0, 0x0, 0x0)
	/root/.gimme/versions/go1.14.12.linux.amd64/src/net/net.go:184 +0x8e
crypto/tls.(*atLeastReader).Read(0xc0002f01c0, 0xc000214000, 0x205, 0x205, 0x3fb9f08, 0xc0016456c8, 0xc001645588)
	/root/.gimme/versions/go1.14.12.linux.amd64/src/crypto/tls/conn.go:760 +0x60
bytes.(*Buffer).ReadFrom(0xc001626258, 0x43deee0, 0xc0002f01c0, 0x15a50f5, 0x3a465c0, 0x3dbc900)
	/root/.gimme/versions/go1.14.12.linux.amd64/src/bytes/buffer.go:204 +0xb1
crypto/tls.(*Conn).readFromUntil(0xc001626000, 0x43e2d60, 0xc0007177c0, 0x5, 0xc0007177c0, 0xb29fe1dd7ad7beff)
	/root/.gimme/versions/go1.14.12.linux.amd64/src/crypto/tls/conn.go:782 +0xec
crypto/tls.(*Conn).readRecordOrCCS(0xc001626000, 0x0, 0x0, 0x15d9848)
	/root/.gimme/versions/go1.14.12.linux.amd64/src/crypto/tls/conn.go:589 +0x115
crypto/tls.(*Conn).readRecord(...)
	/root/.gimme/versions/go1.14.12.linux.amd64/src/crypto/tls/conn.go:557
crypto/tls.(*Conn).Read(0xc001626000, 0xc000fbe000, 0x1000, 0x1000, 0x0, 0x0, 0x0)
	/root/.gimme/versions/go1.14.12.linux.amd64/src/crypto/tls/conn.go:1233 +0x15b
net/http.(*connReader).Read(0xc000fba1b0, 0xc000fbe000, 0x1000, 0x1000, 0x0, 0x5, 0x0)
	/root/.gimme/versions/go1.14.12.linux.amd64/src/net/http/server.go:797 +0xf4
bufio.(*Reader).fill(0xc0005f3b60)
	/root/.gimme/versions/go1.14.12.linux.amd64/src/bufio/bufio.go:100 +0x103
bufio.(*Reader).ReadSlice(0xc0005f3b60, 0xa, 0x0, 0xc0016459c0, 0x15a71a6, 0xc000bf7b00, 0x100)
	/root/.gimme/versions/go1.14.12.linux.amd64/src/bufio/bufio.go:359 +0x3d
bufio.(*Reader).ReadLine(0xc0005f3b60, 0xc0016459c8, 0xc000580000, 0x7fba18afd7d0, 0x0, 0x1, 0x7fba189840f0)
	/root/.gimme/versions/go1.14.12.linux.amd64/src/bufio/bufio.go:388 +0x34
net/textproto.(*Reader).readLineSlice(0xc000fba1e0, 0xc000bf7b00, 0x3fb7398, 0xc001645a70, 0x16ed789, 0xc000847d00)
	/root/.gimme/versions/go1.14.12.linux.amd64/src/net/textproto/reader.go:58 +0x6c
net/textproto.(*Reader).ReadLine(...)
	/root/.gimme/versions/go1.14.12.linux.amd64/src/net/textproto/reader.go:39
net/http.readRequest(0xc0005f3b60, 0x0, 0xc000bf7b00, 0x0, 0x0)
	/root/.gimme/versions/go1.14.12.linux.amd64/src/net/http/request.go:1015 +0xa4
net/http.(*conn).readRequest(0xc001624f00, 0x4465b40, 0xc000544940, 0x0, 0x0, 0x0)
	/root/.gimme/versions/go1.14.12.linux.amd64/src/net/http/server.go:983 +0x191
net/http.(*conn).serve(0xc001624f00, 0x4465b40, 0xc000544940)
	/root/.gimme/versions/go1.14.12.linux.amd64/src/net/http/server.go:1850 +0x6d4
created by net/http.(*Server).Serve
	/root/.gimme/versions/go1.14.12.linux.amd64/src/net/http/server.go:2962 +0x35c
goroutine 399 [select]:
github.com/DataDog/datadog-agent/pkg/metadata.(*Scheduler).AddCollector.func1(0xc000f81cb0, 0xc0008607c0, 0x1a3185c5000, 0x43df600, 0x64eae10, 0x3e80e52, 0x4)
	/.omnibus/src/datadog-agent/src/github.com/DataDog/datadog-agent/pkg/metadata/scheduler.go:91 +0x154
created by github.com/DataDog/datadog-agent/pkg/metadata.(*Scheduler).AddCollector
	/.omnibus/src/datadog-agent/src/github.com/DataDog/datadog-agent/pkg/metadata/scheduler.go:87 +0x1f5
goroutine 400 [select]:
github.com/DataDog/datadog-agent/pkg/metadata.(*Scheduler).AddCollector.func1(0xc000f81cb0, 0xc0008607e0, 0x8bb2c97000, 0x43df2c0, 0x64eae10, 0x3e98401, 0xc)
	/.omnibus/src/datadog-agent/src/github.com/DataDog/datadog-agent/pkg/metadata/scheduler.go:91 +0x154
created by github.com/DataDog/datadog-agent/pkg/metadata.(*Scheduler).AddCollector
	/.omnibus/src/datadog-agent/src/github.com/DataDog/datadog-agent/pkg/metadata/scheduler.go:87 +0x1f5
goroutine 401 [select]:
github.com/DataDog/datadog-agent/pkg/metadata.(*Scheduler).AddCollector.func1(0xc000f81cb0, 0xc000860800, 0x45d964b800, 0x43df620, 0x64eae10, 0x3e8f007, 0x9)
	/.omnibus/src/datadog-agent/src/github.com/DataDog/datadog-agent/pkg/metadata/scheduler.go:91 +0x154
created by github.com/DataDog/datadog-agent/pkg/metadata.(*Scheduler).AddCollector
	/.omnibus/src/datadog-agent/src/github.com/DataDog/datadog-agent/pkg/metadata/scheduler.go:87 +0x1f5
goroutine 402 [select]:
github.com/DataDog/datadog-agent/pkg/metadata.(*Scheduler).AddCollector.func1(0xc000f81cb0, 0xc000860860, 0x8bb2c97000, 0x43e39a0, 0xc00087cc60, 0x3e9574e, 0xb)
	/.omnibus/src/datadog-agent/src/github.com/DataDog/datadog-agent/pkg/metadata/scheduler.go:91 +0x154
created by github.com/DataDog/datadog-agent/pkg/metadata.(*Scheduler).AddCollector
	/.omnibus/src/datadog-agent/src/github.com/DataDog/datadog-agent/pkg/metadata/scheduler.go:87 +0x1f5
goroutine 403 [chan receive, 6517 minutes]:
github.com/DataDog/datadog-agent/pkg/metadata/inventories.StartMetadataUpdatedGoroutine.func1(0x45d964b800, 0x43df640, 0xc000f81cb0)
	/.omnibus/src/datadog-agent/src/github.com/DataDog/datadog-agent/pkg/metadata/inventories/inventories.go:186 +0x3a
created by github.com/DataDog/datadog-agent/pkg/metadata/inventories.StartMetadataUpdatedGoroutine
	/.omnibus/src/datadog-agent/src/github.com/DataDog/datadog-agent/pkg/metadata/inventories/inventories.go:184 +0x53
goroutine 294852 [chan receive]:
github.com/containerd/containerd/pkg/dialer.timeoutDialer.func1(0xc000234c00, 0xc000234ba0, 0xc00121c0f0, 0x2a, 0x4a8177c4a)
	/.omnibus/src/datadog-agent/src/github.com/DataDog/datadog-agent/vendor/github.com/containerd/containerd/pkg/dialer/dialer.go:58 +0x75
created by github.com/containerd/containerd/pkg/dialer.timeoutDialer
	/.omnibus/src/datadog-agent/src/github.com/DataDog/datadog-agent/vendor/github.com/containerd/containerd/pkg/dialer/dialer.go:49 +0xbe
goroutine 294659 [select, 2 minutes]:
net/http.(*persistConn).writeLoop(0xc000b46480)
	/root/.gimme/versions/go1.14.12.linux.amd64/src/net/http/transport.go:2336 +0x11c
created by net/http.(*Transport).dialConn
	/root/.gimme/versions/go1.14.12.linux.amd64/src/net/http/transport.go:1707 +0xc7b
goroutine 294593 [IO wait, 2 minutes]:
internal/poll.runtime_pollWait(0x7fba18973360, 0x72, 0xffffffffffffffff)
	/root/.gimme/versions/go1.14.12.linux.amd64/src/runtime/netpoll.go:203 +0x55
internal/poll.(*pollDesc).wait(0xc000536618, 0x72, 0x200, 0x205, 0xffffffffffffffff)
	/root/.gimme/versions/go1.14.12.linux.amd64/src/internal/poll/fd_poll_runtime.go:87 +0x45
internal/poll.(*pollDesc).waitRead(...)
	/root/.gimme/versions/go1.14.12.linux.amd64/src/internal/poll/fd_poll_runtime.go:92
internal/poll.(*FD).Read(0xc000536600, 0xc000a92fc0, 0x205, 0x205, 0x0, 0x0, 0x0)
	/root/.gimme/versions/go1.14.12.linux.amd64/src/internal/poll/fd_unix.go:169 +0x19b
net.(*netFD).Read(0xc000536600, 0xc000a92fc0, 0x205, 0x205, 0x203000, 0x7fb9ee163428, 0x7f)
	/root/.gimme/versions/go1.14.12.linux.amd64/src/net/fd_unix.go:202 +0x4f
net.(*conn).Read(0xc000742c08, 0xc000a92fc0, 0x205, 0x205, 0x0, 0x0, 0x0)
	/root/.gimme/versions/go1.14.12.linux.amd64/src/net/net.go:184 +0x8e
crypto/tls.(*atLeastReader).Read(0xc00081cfe0, 0xc000a92fc0, 0x205, 0x205, 0xc0006f8460, 0xc000dee000, 0xc000a37588)
	/root/.gimme/versions/go1.14.12.linux.amd64/src/crypto/tls/conn.go:760 +0x60
bytes.(*Buffer).ReadFrom(0xc000a78258, 0x43deee0, 0xc00081cfe0, 0x15a50f5, 0x3a465c0, 0x3dbc900)
	/root/.gimme/versions/go1.14.12.linux.amd64/src/bytes/buffer.go:204 +0xb1
crypto/tls.(*Conn).readFromUntil(0xc000a78000, 0x43e2d60, 0xc000742c08, 0x5, 0xc000742c08, 0x11)
	/root/.gimme/versions/go1.14.12.linux.amd64/src/crypto/tls/conn.go:782 +0xec
crypto/tls.(*Conn).readRecordOrCCS(0xc000a78000, 0x0, 0x0, 0x15d9848)
	/root/.gimme/versions/go1.14.12.linux.amd64/src/crypto/tls/conn.go:589 +0x115
crypto/tls.(*Conn).readRecord(...)
	/root/.gimme/versions/go1.14.12.linux.amd64/src/crypto/tls/conn.go:557
crypto/tls.(*Conn).Read(0xc000a78000, 0xc000be3000, 0x1000, 0x1000, 0x0, 0x0, 0x0)
	/root/.gimme/versions/go1.14.12.linux.amd64/src/crypto/tls/conn.go:1233 +0x15b
net/http.(*connReader).Read(0xc000b90ea0, 0xc000be3000, 0x1000, 0x1000, 0x0, 0x5, 0x0)
	/root/.gimme/versions/go1.14.12.linux.amd64/src/net/http/server.go:797 +0xf4
bufio.(*Reader).fill(0xc0011c4960)
	/root/.gimme/versions/go1.14.12.linux.amd64/src/bufio/bufio.go:100 +0x103
bufio.(*Reader).ReadSlice(0xc0011c4960, 0xa, 0x0, 0xc000a379c0, 0x15a71a6, 0xc000bf7100, 0x100)
	/root/.gimme/versions/go1.14.12.linux.amd64/src/bufio/bufio.go:359 +0x3d
bufio.(*Reader).ReadLine(0xc0011c4960, 0xc000a379c8, 0xc000836700, 0x7fba18afd7d0, 0x0, 0x1, 0x7fba18973368)
	/root/.gimme/versions/go1.14.12.linux.amd64/src/bufio/bufio.go:388 +0x34
net/textproto.(*Reader).readLineSlice(0xc000b90ed0, 0xc000bf7100, 0x3fb7398, 0xc000a37a70, 0x16ed789, 0xc000536600)
	/root/.gimme/versions/go1.14.12.linux.amd64/src/net/textproto/reader.go:58 +0x6c
net/textproto.(*Reader).ReadLine(...)
	/root/.gimme/versions/go1.14.12.linux.amd64/src/net/textproto/reader.go:39
net/http.readRequest(0xc0011c4960, 0x0, 0xc000bf7100, 0x0, 0x0)
	/root/.gimme/versions/go1.14.12.linux.amd64/src/net/http/request.go:1015 +0xa4
net/http.(*conn).readRequest(0xc0007ce820, 0x4465b40, 0xc0006fb380, 0x0, 0x0, 0x0)
	/root/.gimme/versions/go1.14.12.linux.amd64/src/net/http/server.go:983 +0x191
net/http.(*conn).serve(0xc0007ce820, 0x4465b40, 0xc0006fb380)
	/root/.gimme/versions/go1.14.12.linux.amd64/src/net/http/server.go:1850 +0x6d4
created by net/http.(*Server).Serve
	/root/.gimme/versions/go1.14.12.linux.amd64/src/net/http/server.go:2962 +0x35c
goroutine 294676 [select, 2 minutes]:
net/http.(*persistConn).writeLoop(0xc000f38c60)
	/root/.gimme/versions/go1.14.12.linux.amd64/src/net/http/transport.go:2336 +0x11c
created by net/http.(*Transport).dialConn
	/root/.gimme/versions/go1.14.12.linux.amd64/src/net/http/transport.go:1707 +0xc7b
goroutine 294807 [IO wait]:
internal/poll.runtime_pollWait(0x7fba189731a0, 0x72, 0xffffffffffffffff)
	/root/.gimme/versions/go1.14.12.linux.amd64/src/runtime/netpoll.go:203 +0x55
internal/poll.(*pollDesc).wait(0xc0000e4d18, 0x72, 0x200, 0x205, 0xffffffffffffffff)
	/root/.gimme/versions/go1.14.12.linux.amd64/src/internal/poll/fd_poll_runtime.go:87 +0x45
internal/poll.(*pollDesc).waitRead(...)
	/root/.gimme/versions/go1.14.12.linux.amd64/src/internal/poll/fd_poll_runtime.go:92
internal/poll.(*FD).Read(0xc0000e4d00, 0xc00057e000, 0x205, 0x205, 0x0, 0x0, 0x0)
	/root/.gimme/versions/go1.14.12.linux.amd64/src/internal/poll/fd_unix.go:169 +0x19b
net.(*netFD).Read(0xc0000e4d00, 0xc00057e000, 0x205, 0x205, 0x203000, 0xc00062a450, 0x1698bf8)
	/root/.gimme/versions/go1.14.12.linux.amd64/src/net/fd_unix.go:202 +0x4f
net.(*conn).Read(0xc0016f4698, 0xc00057e000, 0x205, 0x205, 0x0, 0x0, 0x0)
	/root/.gimme/versions/go1.14.12.linux.amd64/src/net/net.go:184 +0x8e
crypto/tls.(*atLeastReader).Read(0xc0005255e0, 0xc00057e000, 0x205, 0x205, 0x15d99ff, 0xc000058000, 0xc00062a4f0)
	/root/.gimme/versions/go1.14.12.linux.amd64/src/crypto/tls/conn.go:760 +0x60
bytes.(*Buffer).ReadFrom(0xc0004b9ad8, 0x43deee0, 0xc0005255e0, 0x15a50f5, 0x3a465c0, 0x3dbc900)
	/root/.gimme/versions/go1.14.12.linux.amd64/src/bytes/buffer.go:204 +0xb1
crypto/tls.(*Conn).readFromUntil(0xc0004b9880, 0x43e2d60, 0xc0016f4698, 0x5, 0xc0016f4698, 0x169c757)
	/root/.gimme/versions/go1.14.12.linux.amd64/src/crypto/tls/conn.go:782 +0xec
crypto/tls.(*Conn).readRecordOrCCS(0xc0004b9880, 0x0, 0x0, 0xc000798500)
	/root/.gimme/versions/go1.14.12.linux.amd64/src/crypto/tls/conn.go:589 +0x115
crypto/tls.(*Conn).readRecord(...)
	/root/.gimme/versions/go1.14.12.linux.amd64/src/crypto/tls/conn.go:557
crypto/tls.(*Conn).Read(0xc0004b9880, 0xc000a44791, 0x1, 0x1, 0x0, 0x0, 0x0)
	/root/.gimme/versions/go1.14.12.linux.amd64/src/crypto/tls/conn.go:1233 +0x15b
net/http.(*connReader).backgroundRead(0xc000a44780)
	/root/.gimme/versions/go1.14.12.linux.amd64/src/net/http/server.go:689 +0x58
created by net/http.(*connReader).startBackgroundRead
	/root/.gimme/versions/go1.14.12.linux.amd64/src/net/http/server.go:685 +0xd0
goroutine 267882 [select]:
net/http.(*persistConn).writeLoop(0xc0001459e0)
	/root/.gimme/versions/go1.14.12.linux.amd64/src/net/http/transport.go:2336 +0x11c
created by net/http.(*Transport).dialConn
	/root/.gimme/versions/go1.14.12.linux.amd64/src/net/http/transport.go:1707 +0xc7b
goroutine 294825 [select]:
net/http.(*persistConn).writeLoop(0xc0002e05a0)
	/root/.gimme/versions/go1.14.12.linux.amd64/src/net/http/transport.go:2336 +0x11c
created by net/http.(*Transport).dialConn
	/root/.gimme/versions/go1.14.12.linux.amd64/src/net/http/transport.go:1707 +0xc7b
goroutine 294851 [select]:
github.com/containerd/containerd/pkg/dialer.timeoutDialer(0xc00121c0f0, 0x2a, 0x4a8177c4a, 0x4a8177c4a, 0x3acd901, 0xff8f6eab2c8679ec, 0x64ea268)
	/.omnibus/src/datadog-agent/src/github.com/DataDog/datadog-agent/vendor/github.com/containerd/containerd/pkg/dialer/dialer.go:66 +0x156
github.com/containerd/containerd/pkg/dialer.ContextDialer(0x4465bc0, 0xc000c40720, 0xc00121c0f0, 0x2a, 0x7fba18afd7d0, 0x0, 0x39be7c0, 0xc000d726c0)
	/.omnibus/src/datadog-agent/src/github.com/DataDog/datadog-agent/vendor/github.com/containerd/containerd/pkg/dialer/dialer.go:35 +0x80
google.golang.org/grpc/internal/transport.dial(0x4465bc0, 0xc000c40720, 0x3fb4430, 0xc00121c0f0, 0x2a, 0x3, 0x78, 0xf, 0x5)
	/.omnibus/src/datadog-agent/src/github.com/DataDog/datadog-agent/vendor/google.golang.org/grpc/internal/transport/http2_client.go:140 +0x74
google.golang.org/grpc/internal/transport.newHTTP2Client(0x4465bc0, 0xc000c40720, 0x4465b40, 0xc000fd8a40, 0xc00121c0f0, 0x2a, 0x0, 0x0, 0xc00121c0f0, 0x2a, ...)
	/.omnibus/src/datadog-agent/src/github.com/DataDog/datadog-agent/vendor/google.golang.org/grpc/internal/transport/http2_client.go:173 +0x11e
google.golang.org/grpc/internal/transport.NewClientTransport(...)
	/.omnibus/src/datadog-agent/src/github.com/DataDog/datadog-agent/vendor/google.golang.org/grpc/internal/transport/transport.go:581
google.golang.org/grpc.(*addrConn).createTransport(0xc000fc8000, 0xc00121c0f0, 0x2a, 0x0, 0x0, 0x0, 0x0, 0x0, 0x0, 0x3ea0ba6, ...)
	/.omnibus/src/datadog-agent/src/github.com/DataDog/datadog-agent/vendor/google.golang.org/grpc/clientconn.go:1285 +0x464
google.golang.org/grpc.(*addrConn).tryAllAddrs(0xc000fc8000, 0xc000fd8940, 0x1, 0x1, 0xc00c5402e91decfd, 0x163ad407c1e3a, 0x5f8a320, 0x15ff270, 0xc000e7ef00, 0x0, ...)
	/.omnibus/src/datadog-agent/src/github.com/DataDog/datadog-agent/vendor/google.golang.org/grpc/clientconn.go:1208 +0x30e
google.golang.org/grpc.(*addrConn).resetTransport(0xc000fc8000)
	/.omnibus/src/datadog-agent/src/github.com/DataDog/datadog-agent/vendor/google.golang.org/grpc/clientconn.go:1118 +0x237
created by google.golang.org/grpc.(*addrConn).connect
	/.omnibus/src/datadog-agent/src/github.com/DataDog/datadog-agent/vendor/google.golang.org/grpc/clientconn.go:800 +0x128
goroutine 294813 [select]:
net/http.(*persistConn).writeLoop(0xc000f4a120)
	/root/.gimme/versions/go1.14.12.linux.amd64/src/net/http/transport.go:2336 +0x11c
created by net/http.(*Transport).dialConn
	/root/.gimme/versions/go1.14.12.linux.amd64/src/net/http/transport.go:1707 +0xc7b
goroutine 294862 [select]:
net/http.(*persistConn).readLoop(0xc000fde120)
	/root/.gimme/versions/go1.14.12.linux.amd64/src/net/http/transport.go:2158 +0x9a0
created by net/http.(*Transport).dialConn
	/root/.gimme/versions/go1.14.12.linux.amd64/src/net/http/transport.go:1706 +0xc56
goroutine 294782 [IO wait]:
internal/poll.runtime_pollWait(0x7fba189738a0, 0x72, 0xffffffffffffffff)
	/root/.gimme/versions/go1.14.12.linux.amd64/src/runtime/netpoll.go:203 +0x55
internal/poll.(*pollDesc).wait(0xc000537418, 0x72, 0x1000, 0x1000, 0xffffffffffffffff)
	/root/.gimme/versions/go1.14.12.linux.amd64/src/internal/poll/fd_poll_runtime.go:87 +0x45
internal/poll.(*pollDesc).waitRead(...)
	/root/.gimme/versions/go1.14.12.linux.amd64/src/internal/poll/fd_poll_runtime.go:92
internal/poll.(*FD).Read(0xc000537400, 0xc000fb2000, 0x1000, 0x1000, 0x0, 0x0, 0x0)
	/root/.gimme/versions/go1.14.12.linux.amd64/src/internal/poll/fd_unix.go:169 +0x19b
net.(*netFD).Read(0xc000537400, 0xc000fb2000, 0x1000, 0x1000, 0x15d23fc, 0xc000085b58, 0x15ff270)
	/root/.gimme/versions/go1.14.12.linux.amd64/src/net/fd_unix.go:202 +0x4f
net.(*conn).Read(0xc000010078, 0xc000fb2000, 0x1000, 0x1000, 0x0, 0x0, 0x0)
	/root/.gimme/versions/go1.14.12.linux.amd64/src/net/net.go:184 +0x8e
net/http.(*persistConn).Read(0xc000444ea0, 0xc000fb2000, 0x1000, 0x1000, 0xc0002341e0, 0xc000085c58, 0x159f9c5)
	/root/.gimme/versions/go1.14.12.linux.amd64/src/net/http/transport.go:1884 +0x75
bufio.(*Reader).fill(0xc00150a300)
	/root/.gimme/versions/go1.14.12.linux.amd64/src/bufio/bufio.go:100 +0x103
bufio.(*Reader).Peek(0xc00150a300, 0x1, 0x0, 0x0, 0x1, 0x0, 0xc00010e840)
	/root/.gimme/versions/go1.14.12.linux.amd64/src/bufio/bufio.go:138 +0x4f
net/http.(*persistConn).readLoop(0xc000444ea0)
	/root/.gimme/versions/go1.14.12.linux.amd64/src/net/http/transport.go:2037 +0x1a8
created by net/http.(*Transport).dialConn
	/root/.gimme/versions/go1.14.12.linux.amd64/src/net/http/transport.go:1706 +0xc56
goroutine 294783 [select]:
net/http.(*persistConn).writeLoop(0xc000444ea0)
	/root/.gimme/versions/go1.14.12.linux.amd64/src/net/http/transport.go:2336 +0x11c
created by net/http.(*Transport).dialConn
	/root/.gimme/versions/go1.14.12.linux.amd64/src/net/http/transport.go:1707 +0xc7b
goroutine 294844 [select]:
net/http.(*persistConn).writeLoop(0xc000f4a000)
	/root/.gimme/versions/go1.14.12.linux.amd64/src/net/http/transport.go:2336 +0x11c
created by net/http.(*Transport).dialConn
	/root/.gimme/versions/go1.14.12.linux.amd64/src/net/http/transport.go:1707 +0xc7b
goroutine 294675 [IO wait, 2 minutes]:
internal/poll.runtime_pollWait(0x7fba18973440, 0x72, 0xffffffffffffffff)
	/root/.gimme/versions/go1.14.12.linux.amd64/src/runtime/netpoll.go:203 +0x55
internal/poll.(*pollDesc).wait(0xc00074d498, 0x72, 0x800, 0x808, 0xffffffffffffffff)
	/root/.gimme/versions/go1.14.12.linux.amd64/src/internal/poll/fd_poll_runtime.go:87 +0x45
internal/poll.(*pollDesc).waitRead(...)
	/root/.gimme/versions/go1.14.12.linux.amd64/src/internal/poll/fd_poll_runtime.go:92
internal/poll.(*FD).Read(0xc00074d480, 0xc00163c000, 0x808, 0x808, 0x0, 0x0, 0x0)
	/root/.gimme/versions/go1.14.12.linux.amd64/src/internal/poll/fd_unix.go:169 +0x19b
net.(*netFD).Read(0xc00074d480, 0xc00163c000, 0x808, 0x808, 0x203000, 0x15b0646, 0x7fb9f0d38c00)
	/root/.gimme/versions/go1.14.12.linux.amd64/src/net/fd_unix.go:202 +0x4f
net.(*conn).Read(0xc0001293f0, 0xc00163c000, 0x808, 0x808, 0x0, 0x0, 0x0)
	/root/.gimme/versions/go1.14.12.linux.amd64/src/net/net.go:184 +0x8e
crypto/tls.(*atLeastReader).Read(0xc00084de40, 0xc00163c000, 0x808, 0x808, 0xc001097908, 0x15b24ce, 0xc001097900)
	/root/.gimme/versions/go1.14.12.linux.amd64/src/crypto/tls/conn.go:760 +0x60
bytes.(*Buffer).ReadFrom(0xc000be65d8, 0x43deee0, 0xc00084de40, 0x15a50f5, 0x3a465c0, 0x3dbc900)
	/root/.gimme/versions/go1.14.12.linux.amd64/src/bytes/buffer.go:204 +0xb1
crypto/tls.(*Conn).readFromUntil(0xc000be6380, 0x43e2d60, 0xc0001293f0, 0x5, 0xc0001293f0, 0x3bd8500)
	/root/.gimme/versions/go1.14.12.linux.amd64/src/crypto/tls/conn.go:782 +0xec
crypto/tls.(*Conn).readRecordOrCCS(0xc000be6380, 0x0, 0x0, 0x0)
	/root/.gimme/versions/go1.14.12.linux.amd64/src/crypto/tls/conn.go:589 +0x115
crypto/tls.(*Conn).readRecord(...)
	/root/.gimme/versions/go1.14.12.linux.amd64/src/crypto/tls/conn.go:557
crypto/tls.(*Conn).Read(0xc000be6380, 0xc001654000, 0x1000, 0x1000, 0x0, 0x0, 0x0)
	/root/.gimme/versions/go1.14.12.linux.amd64/src/crypto/tls/conn.go:1233 +0x15b
net/http.(*persistConn).Read(0xc000f38c60, 0xc001654000, 0x1000, 0x1000, 0xc0016281e0, 0xc001097c58, 0x159f9c5)
	/root/.gimme/versions/go1.14.12.linux.amd64/src/net/http/transport.go:1884 +0x75
bufio.(*Reader).fill(0xc0007487e0)
	/root/.gimme/versions/go1.14.12.linux.amd64/src/bufio/bufio.go:100 +0x103
bufio.(*Reader).Peek(0xc0007487e0, 0x1, 0x0, 0x0, 0x1, 0x0, 0xc001628120)
	/root/.gimme/versions/go1.14.12.linux.amd64/src/bufio/bufio.go:138 +0x4f
net/http.(*persistConn).readLoop(0xc000f38c60)
	/root/.gimme/versions/go1.14.12.linux.amd64/src/net/http/transport.go:2037 +0x1a8
created by net/http.(*Transport).dialConn
	/root/.gimme/versions/go1.14.12.linux.amd64/src/net/http/transport.go:1706 +0xc56
goroutine 294845 [runnable]:
syscall.Syscall(0x0, 0x1c, 0xc000bf0791, 0x1, 0xffffffffffffffff, 0x0, 0xb)
	/root/.gimme/versions/go1.14.12.linux.amd64/src/syscall/asm_linux_amd64.s:18 +0x5
syscall.read(0x1c, 0xc000bf0791, 0x1, 0x1, 0x0, 0x23, 0xc000234240)
	/root/.gimme/versions/go1.14.12.linux.amd64/src/syscall/zsyscall_linux_amd64.go:686 +0x5a
syscall.Read(...)
	/root/.gimme/versions/go1.14.12.linux.amd64/src/syscall/syscall_unix.go:189
internal/poll.(*FD).Read(0xc000212000, 0xc000bf0791, 0x1, 0x1, 0x0, 0x0, 0x0)
	/root/.gimme/versions/go1.14.12.linux.amd64/src/internal/poll/fd_unix.go:165 +0x133
net.(*netFD).Read(0xc000212000, 0xc000bf0791, 0x1, 0x1, 0xc0009ed768, 0xc0008e8ac0, 0x2cf4f10)
	/root/.gimme/versions/go1.14.12.linux.amd64/src/net/fd_unix.go:202 +0x4f
net.(*conn).Read(0xc00028a0f0, 0xc000bf0791, 0x1, 0x1, 0x0, 0x0, 0x0)
	/root/.gimme/versions/go1.14.12.linux.amd64/src/net/net.go:184 +0x8e
net/http.(*connReader).backgroundRead(0xc000bf0780)
	/root/.gimme/versions/go1.14.12.linux.amd64/src/net/http/server.go:689 +0x58
created by net/http.(*connReader).startBackgroundRead
	/root/.gimme/versions/go1.14.12.linux.amd64/src/net/http/server.go:685 +0xd0
goroutine 294823 [IO wait]:
internal/poll.runtime_pollWait(0x7fba18973600, 0x72, 0xffffffffffffffff)
	/root/.gimme/versions/go1.14.12.linux.amd64/src/runtime/netpoll.go:203 +0x55
internal/poll.(*pollDesc).wait(0xc0000e4018, 0x72, 0x200, 0x205, 0xffffffffffffffff)
	/root/.gimme/versions/go1.14.12.linux.amd64/src/internal/poll/fd_poll_runtime.go:87 +0x45
internal/poll.(*pollDesc).waitRead(...)
	/root/.gimme/versions/go1.14.12.linux.amd64/src/internal/poll/fd_poll_runtime.go:92
internal/poll.(*FD).Read(0xc0000e4000, 0xc000977680, 0x205, 0x205, 0x0, 0x0, 0x0)
	/root/.gimme/versions/go1.14.12.linux.amd64/src/internal/poll/fd_unix.go:169 +0x19b
net.(*netFD).Read(0xc0000e4000, 0xc000977680, 0x205, 0x205, 0x203000, 0x0, 0x0)
	/root/.gimme/versions/go1.14.12.linux.amd64/src/net/fd_unix.go:202 +0x4f
net.(*conn).Read(0xc0010b8000, 0xc000977680, 0x205, 0x205, 0x0, 0x0, 0x0)
	/root/.gimme/versions/go1.14.12.linux.amd64/src/net/net.go:184 +0x8e
crypto/tls.(*atLeastReader).Read(0xc00081c9a0, 0xc000977680, 0x205, 0x205, 0x3fb9f08, 0xc0007796c8, 0xc000779588)
	/root/.gimme/versions/go1.14.12.linux.amd64/src/crypto/tls/conn.go:760 +0x60
bytes.(*Buffer).ReadFrom(0xc00091b758, 0x43deee0, 0xc00081c9a0, 0x15a50f5, 0x3a465c0, 0x3dbc900)
	/root/.gimme/versions/go1.14.12.linux.amd64/src/bytes/buffer.go:204 +0xb1
crypto/tls.(*Conn).readFromUntil(0xc00091b500, 0x43e2d60, 0xc0010b8000, 0x5, 0xc0010b8000, 0xfd9a02dd8358bf99)
	/root/.gimme/versions/go1.14.12.linux.amd64/src/crypto/tls/conn.go:782 +0xec
crypto/tls.(*Conn).readRecordOrCCS(0xc00091b500, 0x0, 0x0, 0x15d9848)
	/root/.gimme/versions/go1.14.12.linux.amd64/src/crypto/tls/conn.go:589 +0x115
crypto/tls.(*Conn).readRecord(...)
	/root/.gimme/versions/go1.14.12.linux.amd64/src/crypto/tls/conn.go:557
crypto/tls.(*Conn).Read(0xc00091b500, 0xc000be2000, 0x1000, 0x1000, 0x0, 0x0, 0x0)
	/root/.gimme/versions/go1.14.12.linux.amd64/src/crypto/tls/conn.go:1233 +0x15b
net/http.(*connReader).Read(0xc000a26390, 0xc000be2000, 0x1000, 0x1000, 0x0, 0x5, 0x0)
	/root/.gimme/versions/go1.14.12.linux.amd64/src/net/http/server.go:797 +0xf4
bufio.(*Reader).fill(0xc000a7d140)
	/root/.gimme/versions/go1.14.12.linux.amd64/src/bufio/bufio.go:100 +0x103
bufio.(*Reader).ReadSlice(0xc000a7d140, 0xa, 0x0, 0xc0007799c0, 0x15a71a6, 0xc0000b0900, 0x100)
	/root/.gimme/versions/go1.14.12.linux.amd64/src/bufio/bufio.go:359 +0x3d
bufio.(*Reader).ReadLine(0xc000a7d140, 0xc0007799c8, 0xc0006e8000, 0x7fba18afd108, 0x0, 0x0, 0x7fba18973608)
	/root/.gimme/versions/go1.14.12.linux.amd64/src/bufio/bufio.go:388 +0x34
net/textproto.(*Reader).readLineSlice(0xc000a447b0, 0xc0000b0900, 0x3fb7398, 0xc000779a70, 0x16ed789, 0xc0000e4000)
	/root/.gimme/versions/go1.14.12.linux.amd64/src/net/textproto/reader.go:58 +0x6c
net/textproto.(*Reader).ReadLine(...)
	/root/.gimme/versions/go1.14.12.linux.amd64/src/net/textproto/reader.go:39
net/http.readRequest(0xc000a7d140, 0x0, 0xc0000b0900, 0x0, 0x0)
	/root/.gimme/versions/go1.14.12.linux.amd64/src/net/http/request.go:1015 +0xa4
net/http.(*conn).readRequest(0xc0007ce000, 0x4465b40, 0xc0006fa740, 0x0, 0x0, 0x0)
	/root/.gimme/versions/go1.14.12.linux.amd64/src/net/http/server.go:983 +0x191
net/http.(*conn).serve(0xc0007ce000, 0x4465b40, 0xc0006fa740)
	/root/.gimme/versions/go1.14.12.linux.amd64/src/net/http/server.go:1850 +0x6d4
created by net/http.(*Server).Serve
	/root/.gimme/versions/go1.14.12.linux.amd64/src/net/http/server.go:2962 +0x35c
goroutine 267881 [IO wait]:
internal/poll.runtime_pollWait(0x7fba189736e0, 0x72, 0xffffffffffffffff)
	/root/.gimme/versions/go1.14.12.linux.amd64/src/runtime/netpoll.go:203 +0x55
internal/poll.(*pollDesc).wait(0xc0004d2d18, 0x72, 0x1b00, 0x1b11, 0xffffffffffffffff)
	/root/.gimme/versions/go1.14.12.linux.amd64/src/internal/poll/fd_poll_runtime.go:87 +0x45
internal/poll.(*pollDesc).waitRead(...)
	/root/.gimme/versions/go1.14.12.linux.amd64/src/internal/poll/fd_poll_runtime.go:92
internal/poll.(*FD).Read(0xc0004d2d00, 0xc000f16000, 0x1b11, 0x1b11, 0x0, 0x0, 0x0)
	/root/.gimme/versions/go1.14.12.linux.amd64/src/internal/poll/fd_unix.go:169 +0x19b
net.(*netFD).Read(0xc0004d2d00, 0xc000f16000, 0x1b11, 0x1b11, 0x203000, 0x1709edb, 0xc0003680d0)
	/root/.gimme/versions/go1.14.12.linux.amd64/src/net/fd_unix.go:202 +0x4f
net.(*conn).Read(0xc0007164f0, 0xc000f16000, 0x1b11, 0x1b11, 0x0, 0x0, 0x0)
	/root/.gimme/versions/go1.14.12.linux.amd64/src/net/net.go:184 +0x8e
crypto/tls.(*atLeastReader).Read(0xc00045c0c0, 0xc000f16000, 0x1b11, 0x1b11, 0x80, 0x5fd4758, 0xc000080900)
	/root/.gimme/versions/go1.14.12.linux.amd64/src/crypto/tls/conn.go:760 +0x60
bytes.(*Buffer).ReadFrom(0xc000377ad8, 0x43deee0, 0xc00045c0c0, 0x15a50f5, 0x3a465c0, 0x3dbc900)
	/root/.gimme/versions/go1.14.12.linux.amd64/src/bytes/buffer.go:204 +0xb1
crypto/tls.(*Conn).readFromUntil(0xc000377880, 0x43e2d60, 0xc0007164f0, 0x5, 0xc0007164f0, 0xc000128038)
	/root/.gimme/versions/go1.14.12.linux.amd64/src/crypto/tls/conn.go:782 +0xec
crypto/tls.(*Conn).readRecordOrCCS(0xc000377880, 0x0, 0x0, 0x0)
	/root/.gimme/versions/go1.14.12.linux.amd64/src/crypto/tls/conn.go:589 +0x115
crypto/tls.(*Conn).readRecord(...)
	/root/.gimme/versions/go1.14.12.linux.amd64/src/crypto/tls/conn.go:557
crypto/tls.(*Conn).Read(0xc000377880, 0xc000368000, 0x1000, 0x1000, 0x0, 0x0, 0x0)
	/root/.gimme/versions/go1.14.12.linux.amd64/src/crypto/tls/conn.go:1233 +0x15b
net/http.(*persistConn).Read(0xc0001459e0, 0xc000368000, 0x1000, 0x1000, 0xc0004ac5a0, 0xc000080c58, 0x159f9c5)
	/root/.gimme/versions/go1.14.12.linux.amd64/src/net/http/transport.go:1884 +0x75
bufio.(*Reader).fill(0xc0006e6120)
	/root/.gimme/versions/go1.14.12.linux.amd64/src/bufio/bufio.go:100 +0x103
bufio.(*Reader).Peek(0xc0006e6120, 0x1, 0x0, 0x0, 0x1, 0x0, 0xc000fa2300)
	/root/.gimme/versions/go1.14.12.linux.amd64/src/bufio/bufio.go:138 +0x4f
net/http.(*persistConn).readLoop(0xc0001459e0)
	/root/.gimme/versions/go1.14.12.linux.amd64/src/net/http/transport.go:2037 +0x1a8
created by net/http.(*Transport).dialConn
	/root/.gimme/versions/go1.14.12.linux.amd64/src/net/http/transport.go:1706 +0xc56
goroutine 294812 [IO wait]:
internal/poll.runtime_pollWait(0x7fba189737c0, 0x72, 0xffffffffffffffff)
	/root/.gimme/versions/go1.14.12.linux.amd64/src/runtime/netpoll.go:203 +0x55
internal/poll.(*pollDesc).wait(0xc0004fba18, 0x72, 0x8000, 0x8002, 0xffffffffffffffff)
	/root/.gimme/versions/go1.14.12.linux.amd64/src/internal/poll/fd_poll_runtime.go:87 +0x45
internal/poll.(*pollDesc).waitRead(...)
	/root/.gimme/versions/go1.14.12.linux.amd64/src/internal/poll/fd_poll_runtime.go:92
internal/poll.(*FD).Read(0xc0004fba00, 0xc001058000, 0x8002, 0x8002, 0x0, 0x0, 0x0)
	/root/.gimme/versions/go1.14.12.linux.amd64/src/internal/poll/fd_unix.go:169 +0x19b
net.(*netFD).Read(0xc0004fba00, 0xc001058000, 0x8002, 0x8002, 0x203000, 0x8, 0x15a71a6)
	/root/.gimme/versions/go1.14.12.linux.amd64/src/net/fd_unix.go:202 +0x4f
net.(*conn).Read(0xc0000113b0, 0xc001058000, 0x8002, 0x8002, 0x0, 0x0, 0x0)
	/root/.gimme/versions/go1.14.12.linux.amd64/src/net/net.go:184 +0x8e
crypto/tls.(*atLeastReader).Read(0xc001341120, 0xc001058000, 0x8002, 0x8002, 0x28, 0xc000da4b40, 0xc001534900)
	/root/.gimme/versions/go1.14.12.linux.amd64/src/crypto/tls/conn.go:760 +0x60
bytes.(*Buffer).ReadFrom(0xc000b0c958, 0x43deee0, 0xc001341120, 0x15a50f5, 0x3a465c0, 0x3dbc900)
	/root/.gimme/versions/go1.14.12.linux.amd64/src/bytes/buffer.go:204 +0xb1
crypto/tls.(*Conn).readFromUntil(0xc000b0c700, 0x43e2d60, 0xc0000113b0, 0x5, 0xc0000113b0, 0x3bd8500)
	/root/.gimme/versions/go1.14.12.linux.amd64/src/crypto/tls/conn.go:782 +0xec
crypto/tls.(*Conn).readRecordOrCCS(0xc000b0c700, 0x0, 0x0, 0x0)
	/root/.gimme/versions/go1.14.12.linux.amd64/src/crypto/tls/conn.go:589 +0x115
crypto/tls.(*Conn).readRecord(...)
	/root/.gimme/versions/go1.14.12.linux.amd64/src/crypto/tls/conn.go:557
crypto/tls.(*Conn).Read(0xc000b0c700, 0xc000e29000, 0x1000, 0x1000, 0x0, 0x0, 0x0)
	/root/.gimme/versions/go1.14.12.linux.amd64/src/crypto/tls/conn.go:1233 +0x15b
net/http.(*persistConn).Read(0xc000f4a120, 0xc000e29000, 0x1000, 0x1000, 0xc001490d20, 0xc001534c58, 0x159f9c5)
	/root/.gimme/versions/go1.14.12.linux.amd64/src/net/http/transport.go:1884 +0x75
bufio.(*Reader).fill(0xc00011b3e0)
	/root/.gimme/versions/go1.14.12.linux.amd64/src/bufio/bufio.go:100 +0x103
bufio.(*Reader).Peek(0xc00011b3e0, 0x1, 0x0, 0x0, 0x1, 0x0, 0xc001490c60)
	/root/.gimme/versions/go1.14.12.linux.amd64/src/bufio/bufio.go:138 +0x4f
net/http.(*persistConn).readLoop(0xc000f4a120)
	/root/.gimme/versions/go1.14.12.linux.amd64/src/net/http/transport.go:2037 +0x1a8
created by net/http.(*Transport).dialConn
	/root/.gimme/versions/go1.14.12.linux.amd64/src/net/http/transport.go:1706 +0xc56
goroutine 294843 [IO wait]:
internal/poll.runtime_pollWait(0x7fba18983f28, 0x72, 0xffffffffffffffff)
	/root/.gimme/versions/go1.14.12.linux.amd64/src/runtime/netpoll.go:203 +0x55
internal/poll.(*pollDesc).wait(0xc000ff8218, 0x72, 0x1000, 0x1000, 0xffffffffffffffff)
	/root/.gimme/versions/go1.14.12.linux.amd64/src/internal/poll/fd_poll_runtime.go:87 +0x45
internal/poll.(*pollDesc).waitRead(...)
	/root/.gimme/versions/go1.14.12.linux.amd64/src/internal/poll/fd_poll_runtime.go:92
internal/poll.(*FD).Read(0xc000ff8200, 0xc0008a5000, 0x1000, 0x1000, 0x0, 0x0, 0x0)
	/root/.gimme/versions/go1.14.12.linux.amd64/src/internal/poll/fd_unix.go:169 +0x19b
net.(*netFD).Read(0xc000ff8200, 0xc0008a5000, 0x1000, 0x1000, 0x7fba18978b08, 0x9, 0x8)
	/root/.gimme/versions/go1.14.12.linux.amd64/src/net/fd_unix.go:202 +0x4f
net.(*conn).Read(0xc0010b8080, 0xc0008a5000, 0x1000, 0x1000, 0x0, 0x0, 0x0)
	/root/.gimme/versions/go1.14.12.linux.amd64/src/net/net.go:184 +0x8e
net/http.(*persistConn).Read(0xc000f4a000, 0xc0008a5000, 0x1000, 0x1000, 0x159f8fd, 0x60, 0x0)
	/root/.gimme/versions/go1.14.12.linux.amd64/src/net/http/transport.go:1884 +0x75
bufio.(*Reader).fill(0xc000faa960)
	/root/.gimme/versions/go1.14.12.linux.amd64/src/bufio/bufio.go:100 +0x103
bufio.(*Reader).Peek(0xc000faa960, 0x1, 0xc0007ba360, 0xc000124010, 0x0, 0x0, 0x0)
	/root/.gimme/versions/go1.14.12.linux.amd64/src/bufio/bufio.go:138 +0x4f
net/http.(*persistConn).readLoop(0xc000f4a000)
	/root/.gimme/versions/go1.14.12.linux.amd64/src/net/http/transport.go:2037 +0x1a8
created by net/http.(*Transport).dialConn
	/root/.gimme/versions/go1.14.12.linux.amd64/src/net/http/transport.go:1706 +0xc56
goroutine 294753 [select]:
net/http.(*persistConn).roundTrip(0xc000f4a000, 0xc000ff2440, 0x0, 0x0, 0x0)
	/root/.gimme/versions/go1.14.12.linux.amd64/src/net/http/transport.go:2559 +0x763
net/http.(*Transport).roundTrip(0x5dbb860, 0xc0004a0700, 0x0, 0xc001296db8, 0x15a7a18)
	/root/.gimme/versions/go1.14.12.linux.amd64/src/net/http/transport.go:582 +0xa88
net/http.(*Transport).RoundTrip(0x5dbb860, 0xc0004a0700, 0x5dbb860, 0x0, 0x0)
	/root/.gimme/versions/go1.14.12.linux.amd64/src/net/http/roundtrip.go:17 +0x35
net/http.send(0xc0004a0700, 0x43e2e60, 0x5dbb860, 0x0, 0x0, 0x0, 0xc0010b8070, 0x203000, 0x1, 0x0)
	/root/.gimme/versions/go1.14.12.linux.amd64/src/net/http/client.go:252 +0x43e
net/http.(*Client).send(0xc000bf0570, 0xc0004a0700, 0x0, 0x0, 0x0, 0xc0010b8070, 0x0, 0x1, 0xc0004a0600)
	/root/.gimme/versions/go1.14.12.linux.amd64/src/net/http/client.go:176 +0xfa
net/http.(*Client).do(0xc000bf0570, 0xc0004a0700, 0x0, 0x0, 0x0)
	/root/.gimme/versions/go1.14.12.linux.amd64/src/net/http/client.go:699 +0x44a
net/http.(*Client).Do(...)
	/root/.gimme/versions/go1.14.12.linux.amd64/src/net/http/client.go:567
github.com/DataDog/datadog-agent/pkg/flare.zipHTTPCallContent(0xc00021ccc0, 0x22, 0xc0006d6b40, 0xb, 0x3eb0c40, 0x13, 0xc000726340, 0x33, 0x0, 0x0)
	/.omnibus/src/datadog-agent/src/github.com/DataDog/datadog-agent/pkg/flare/archive.go:779 +0x200
github.com/DataDog/datadog-agent/pkg/flare.zipStackTraces(...)
	/.omnibus/src/datadog-agent/src/github.com/DataDog/datadog-agent/pkg/flare/archive.go:763
github.com/DataDog/datadog-agent/pkg/flare.createArchive(0xc001297668, 0xc00077b600, 0xc00021cc60, 0x2a, 0xc001297880, 0x2, 0x2, 0x0, 0x0, 0x0, ...)
	/.omnibus/src/datadog-agent/src/github.com/DataDog/datadog-agent/pkg/flare/archive.go:246 +0xae3
github.com/DataDog/datadog-agent/pkg/flare.CreateArchive(0x3e9f400, 0xc000478510, 0x21, 0xc000290a20, 0x1b, 0xc00077b880, 0x2, 0x2, 0x0, 0xc000a447e0, ...)
	/.omnibus/src/datadog-agent/src/github.com/DataDog/datadog-agent/pkg/flare/archive.go:134 +0x2d5
github.com/DataDog/datadog-agent/cmd/agent/api/agent.makeFlare(0x445b100, 0xc00025e540, 0xc000bf7300)
	/.omnibus/src/datadog-agent/src/github.com/DataDog/datadog-agent/cmd/agent/api/agent/agent.go:121 +0x49d
net/http.HandlerFunc.ServeHTTP(0x3fb2d08, 0x445b100, 0xc00025e540, 0xc000bf7300)
	/root/.gimme/versions/go1.14.12.linux.amd64/src/net/http/server.go:2041 +0x44
github.com/DataDog/datadog-agent/cmd/agent/api.validateToken.func1(0x445b100, 0xc00025e540, 0xc000bf7300)
	/.omnibus/src/datadog-agent/src/github.com/DataDog/datadog-agent/cmd/agent/api/security.go:37 +0xf5
net/http.HandlerFunc.ServeHTTP(0xc0004261e0, 0x445b100, 0xc00025e540, 0xc000bf7300)
	/root/.gimme/versions/go1.14.12.linux.amd64/src/net/http/server.go:2041 +0x44
github.com/gorilla/mux.(*Router).ServeHTTP(0xc0000ce000, 0x445b100, 0xc00025e540, 0xc000bf7000)
	/.omnibus/src/datadog-agent/src/github.com/DataDog/datadog-agent/vendor/github.com/gorilla/mux/mux.go:210 +0xe2
net/http.StripPrefix.func1(0x445b100, 0xc00025e540, 0xc000bf6f00)
	/root/.gimme/versions/go1.14.12.linux.amd64/src/net/http/server.go:2080 +0x18a
net/http.HandlerFunc.ServeHTTP(0xc0008039e0, 0x445b100, 0xc00025e540, 0xc000bf6f00)
	/root/.gimme/versions/go1.14.12.linux.amd64/src/net/http/server.go:2041 +0x44
net/http.(*ServeMux).ServeHTTP(0xc00004fd00, 0x445b100, 0xc00025e540, 0xc000bf6f00)
	/root/.gimme/versions/go1.14.12.linux.amd64/src/net/http/server.go:2416 +0x1a5
github.com/DataDog/datadog-agent/cmd/agent/api.grpcHandlerFunc.func1(0x445b100, 0xc00025e540, 0xc000bf6f00)
	/.omnibus/src/datadog-agent/src/github.com/DataDog/datadog-agent/cmd/agent/api/server.go:48 +0x8f
net/http.HandlerFunc.ServeHTTP(0xc00084c8a0, 0x445b100, 0xc00025e540, 0xc000bf6f00)
	/root/.gimme/versions/go1.14.12.linux.amd64/src/net/http/server.go:2041 +0x44
net/http.serverHandler.ServeHTTP(0xc00097c7e0, 0x445b100, 0xc00025e540, 0xc000bf6f00)
	/root/.gimme/versions/go1.14.12.linux.amd64/src/net/http/server.go:2836 +0xa3
net/http.(*conn).serve(0xc000ac3c20, 0x4465b40, 0xc000236a80)
	/root/.gimme/versions/go1.14.12.linux.amd64/src/net/http/server.go:1924 +0x86c
created by net/http.(*Server).Serve
	/root/.gimme/versions/go1.14.12.linux.amd64/src/net/http/server.go:2962 +0x35c
goroutine 294811 [IO wait]:
internal/poll.runtime_pollWait(0x7fba18973fa0, 0x72, 0xffffffffffffffff)
	/root/.gimme/versions/go1.14.12.linux.amd64/src/runtime/netpoll.go:203 +0x55
internal/poll.(*pollDesc).wait(0xc0012bbe18, 0x72, 0x200, 0x205, 0xffffffffffffffff)
	/root/.gimme/versions/go1.14.12.linux.amd64/src/internal/poll/fd_poll_runtime.go:87 +0x45
internal/poll.(*pollDesc).waitRead(...)
	/root/.gimme/versions/go1.14.12.linux.amd64/src/internal/poll/fd_poll_runtime.go:92
internal/poll.(*FD).Read(0xc0012bbe00, 0xc000215b00, 0x205, 0x205, 0x0, 0x0, 0x0)
	/root/.gimme/versions/go1.14.12.linux.amd64/src/internal/poll/fd_unix.go:169 +0x19b
net.(*netFD).Read(0xc0012bbe00, 0xc000215b00, 0x205, 0x205, 0x203000, 0xa000, 0xc00077b4c0)
	/root/.gimme/versions/go1.14.12.linux.amd64/src/net/fd_unix.go:202 +0x4f
net.(*conn).Read(0xc000128840, 0xc000215b00, 0x205, 0x205, 0x0, 0x0, 0x0)
	/root/.gimme/versions/go1.14.12.linux.amd64/src/net/net.go:184 +0x8e
crypto/tls.(*atLeastReader).Read(0xc0002daa40, 0xc000215b00, 0x205, 0x205, 0xc000a0e380, 0xc001026000, 0xc00077b588)
	/root/.gimme/versions/go1.14.12.linux.amd64/src/crypto/tls/conn.go:760 +0x60
bytes.(*Buffer).ReadFrom(0xc0006e8958, 0x43deee0, 0xc0002daa40, 0x15a50f5, 0x3a465c0, 0x3dbc900)
	/root/.gimme/versions/go1.14.12.linux.amd64/src/bytes/buffer.go:204 +0xb1
crypto/tls.(*Conn).readFromUntil(0xc0006e8700, 0x43e2d60, 0xc000128840, 0x5, 0xc000128840, 0x11)
	/root/.gimme/versions/go1.14.12.linux.amd64/src/crypto/tls/conn.go:782 +0xec
crypto/tls.(*Conn).readRecordOrCCS(0xc0006e8700, 0x0, 0x0, 0x15d9848)
	/root/.gimme/versions/go1.14.12.linux.amd64/src/crypto/tls/conn.go:589 +0x115
crypto/tls.(*Conn).readRecord(...)
	/root/.gimme/versions/go1.14.12.linux.amd64/src/crypto/tls/conn.go:557
crypto/tls.(*Conn).Read(0xc0006e8700, 0xc000f3c000, 0x1000, 0x1000, 0x0, 0x0, 0x0)
	/root/.gimme/versions/go1.14.12.linux.amd64/src/crypto/tls/conn.go:1233 +0x15b
net/http.(*connReader).Read(0xc000c3c990, 0xc000f3c000, 0x1000, 0x1000, 0x0, 0x5, 0x0)
	/root/.gimme/versions/go1.14.12.linux.amd64/src/net/http/server.go:797 +0xf4
bufio.(*Reader).fill(0xc000e25c80)
	/root/.gimme/versions/go1.14.12.linux.amd64/src/bufio/bufio.go:100 +0x103
bufio.(*Reader).ReadSlice(0xc000e25c80, 0xa, 0x0, 0xc00077b9c0, 0x15a71a6, 0xc0016fff00, 0x100)
	/root/.gimme/versions/go1.14.12.linux.amd64/src/bufio/bufio.go:359 +0x3d
bufio.(*Reader).ReadLine(0xc000e25c80, 0xc00077b9c8, 0xc000836700, 0x7fba18afde98, 0x0, 0x2, 0x7fba18973fa8)
	/root/.gimme/versions/go1.14.12.linux.amd64/src/bufio/bufio.go:388 +0x34
net/textproto.(*Reader).readLineSlice(0xc000c3c9c0, 0xc0016fff00, 0x3fb7398, 0xc00077ba70, 0x16ed789, 0xc0012bbe00)
	/root/.gimme/versions/go1.14.12.linux.amd64/src/net/textproto/reader.go:58 +0x6c
net/textproto.(*Reader).ReadLine(...)
	/root/.gimme/versions/go1.14.12.linux.amd64/src/net/textproto/reader.go:39
net/http.readRequest(0xc000e25c80, 0x0, 0xc0016fff00, 0x0, 0x0)
	/root/.gimme/versions/go1.14.12.linux.amd64/src/net/http/request.go:1015 +0xa4
net/http.(*conn).readRequest(0xc00086ab40, 0x4465b40, 0xc001004b00, 0x0, 0x0, 0x0)
	/root/.gimme/versions/go1.14.12.linux.amd64/src/net/http/server.go:983 +0x191
net/http.(*conn).serve(0xc00086ab40, 0x4465b40, 0xc001004b00)
	/root/.gimme/versions/go1.14.12.linux.amd64/src/net/http/server.go:1850 +0x6d4
created by net/http.(*Server).Serve
	/root/.gimme/versions/go1.14.12.linux.amd64/src/net/http/server.go:2962 +0x35c
goroutine 294863 [select]:
net/http.(*persistConn).writeLoop(0xc000fde120)
	/root/.gimme/versions/go1.14.12.linux.amd64/src/net/http/transport.go:2336 +0x11c
created by net/http.(*Transport).dialConn
	/root/.gimme/versions/go1.14.12.linux.amd64/src/net/http/transport.go:1707 +0xc7b
goroutine 294658 [IO wait, 2 minutes]:
internal/poll.runtime_pollWait(0x7fba18973520, 0x72, 0xffffffffffffffff)
	/root/.gimme/versions/go1.14.12.linux.amd64/src/runtime/netpoll.go:203 +0x55
internal/poll.(*pollDesc).wait(0xc00074c918, 0x72, 0x8000, 0x8002, 0xffffffffffffffff)
	/root/.gimme/versions/go1.14.12.linux.amd64/src/internal/poll/fd_poll_runtime.go:87 +0x45
internal/poll.(*pollDesc).waitRead(...)
	/root/.gimme/versions/go1.14.12.linux.amd64/src/internal/poll/fd_poll_runtime.go:92
internal/poll.(*FD).Read(0xc00074c900, 0xc000c70000, 0x8002, 0x8002, 0x0, 0x0, 0x0)
	/root/.gimme/versions/go1.14.12.linux.amd64/src/internal/poll/fd_unix.go:169 +0x19b
net.(*netFD).Read(0xc00074c900, 0xc000c70000, 0x8002, 0x8002, 0x203000, 0x8, 0x15a71a6)
	/root/.gimme/versions/go1.14.12.linux.amd64/src/net/fd_unix.go:202 +0x4f
net.(*conn).Read(0xc0001290a8, 0xc000c70000, 0x8002, 0x8002, 0x0, 0x0, 0x0)
	/root/.gimme/versions/go1.14.12.linux.amd64/src/net/net.go:184 +0x8e
crypto/tls.(*atLeastReader).Read(0xc0002472c0, 0xc000c70000, 0x8002, 0x8002, 0x28, 0xc000a1bbc0, 0xc000b85900)
	/root/.gimme/versions/go1.14.12.linux.amd64/src/crypto/tls/conn.go:760 +0x60
bytes.(*Buffer).ReadFrom(0xc000be6258, 0x43deee0, 0xc0002472c0, 0x15a50f5, 0x3a465c0, 0x3dbc900)
	/root/.gimme/versions/go1.14.12.linux.amd64/src/bytes/buffer.go:204 +0xb1
crypto/tls.(*Conn).readFromUntil(0xc000be6000, 0x43e2d60, 0xc0001290a8, 0x5, 0xc0001290a8, 0x3bd8500)
	/root/.gimme/versions/go1.14.12.linux.amd64/src/crypto/tls/conn.go:782 +0xec
crypto/tls.(*Conn).readRecordOrCCS(0xc000be6000, 0x0, 0x0, 0x0)
	/root/.gimme/versions/go1.14.12.linux.amd64/src/crypto/tls/conn.go:589 +0x115
crypto/tls.(*Conn).readRecord(...)
	/root/.gimme/versions/go1.14.12.linux.amd64/src/crypto/tls/conn.go:557
crypto/tls.(*Conn).Read(0xc000be6000, 0xc000a6d000, 0x1000, 0x1000, 0x0, 0x0, 0x0)
	/root/.gimme/versions/go1.14.12.linux.amd64/src/crypto/tls/conn.go:1233 +0x15b
net/http.(*persistConn).Read(0xc000b46480, 0xc000a6d000, 0x1000, 0x1000, 0xc00010e780, 0xc000b85c58, 0x159f9c5)
	/root/.gimme/versions/go1.14.12.linux.amd64/src/net/http/transport.go:1884 +0x75
bufio.(*Reader).fill(0xc000233b00)
	/root/.gimme/versions/go1.14.12.linux.amd64/src/bufio/bufio.go:100 +0x103
bufio.(*Reader).Peek(0xc000233b00, 0x1, 0x0, 0x0, 0x1, 0x0, 0xc0007bbf20)
	/root/.gimme/versions/go1.14.12.linux.amd64/src/bufio/bufio.go:138 +0x4f
net/http.(*persistConn).readLoop(0xc000b46480)
	/root/.gimme/versions/go1.14.12.linux.amd64/src/net/http/transport.go:2037 +0x1a8
created by net/http.(*Transport).dialConn
	/root/.gimme/versions/go1.14.12.linux.amd64/src/net/http/transport.go:1706 +0xc56