File path                                          | mode  | owner      | group     
-------------------------------------------------------------------------------------
/etc/datadog-agent/conf.d/cri.d/conf.yaml.default  | -rw-r--r-- | dd-agent   | dd-agent  
/etc/datadog-agent/conf.d/istio.d/auto_conf.yaml   | -rw-r--r-- | dd-agent   | dd-agent  
/etc/datadog-agent/conf.d/tomcat.d/metrics.yaml    | -rw-r--r-- | dd-agent   | dd-agent  
/etc/datadog-agent/conf.d/snmp.d/profiles/netapp.yaml | -rw-r--r-- | dd-agent   | dd-agent  
/etc/datadog-agent/conf.d/snmp.d/profiles/_generic-router-ospf.yaml | -rw-r--r-- | dd-agent   | dd-agent  
/etc/datadog-agent/conf.d/snmp.d/profiles/_hp-compaq-health.yaml | -rw-r--r-- | dd-agent   | dd-agent  
/etc/datadog-agent/conf.d/snmp.d/profiles/cisco-asa-5525.yaml | -rw-r--r-- | dd-agent   | dd-agent  
/etc/datadog-agent/conf.d/snmp.d/profiles/cisco_uc_virtual_machine.yaml | -rw-r--r-- | dd-agent   | dd-agent  
/etc/datadog-agent/conf.d/snmp.d/profiles/fortinet-fortigate.yaml | -rw-r--r-- | dd-agent   | dd-agent  
/etc/datadog-agent/conf.d/hazelcast.d/metrics.yaml | -rw-r--r-- | dd-agent   | dd-agent  
/etc/datadog-agent/conf.d/snmp.d/profiles/_generic-tcp.yaml | -rw-r--r-- | dd-agent   | dd-agent  
/etc/datadog-agent/conf.d/snmp.d/profiles/cisco_icm.yaml | -rw-r--r-- | dd-agent   | dd-agent  
/var/log/datadog/trace-agent.log.3                 | -rw-r--r-- | dd-agent   | dd-agent  
/etc/datadog-agent/conf.d/harbor.d/auto_conf.yaml  | -rw-r--r-- | dd-agent   | dd-agent  
/etc/datadog-agent/conf.d/snmp.d/profiles/_generic-router-udp.yaml | -rw-r--r-- | dd-agent   | dd-agent  
/etc/datadog-agent/conf.d/snmp.d/profiles/cisco-asa.yaml | -rw-r--r-- | dd-agent   | dd-agent  
/etc/datadog-agent/conf.d/snmp.d/profiles/_hp-driver-stats.yaml | -rw-r--r-- | dd-agent   | dd-agent  
/etc/datadog-agent/conf.d/snmp.d/profiles/_juniper-scu.yaml | -rw-r--r-- | dd-agent   | dd-agent  
/etc/datadog-agent/conf.d/snmp.d/profiles/f5-big-ip.yaml | -rw-r--r-- | dd-agent   | dd-agent  
/etc/datadog-agent/conf.d/activemq.d/metrics.yaml  | -rw-r--r-- | dd-agent   | dd-agent  
/etc/datadog-agent/conf.d/couchbase.d/auto_conf.yaml | -rw-r--r-- | dd-agent   | dd-agent  
/etc/datadog-agent/conf.d/snmp.d/profiles/aruba.yaml | -rw-r--r-- | dd-agent   | dd-agent  
/etc/datadog-agent/conf.d/snmp.d/profiles/cisco-catalyst.yaml | -rw-r--r-- | dd-agent   | dd-agent  
/etc/datadog-agent/conf.d/sonarqube.d/metrics.yaml | -rw-r--r-- | dd-agent   | dd-agent  
/etc/datadog-agent/conf.d/kyototycoon.d/auto_conf.yaml | -rw-r--r-- | dd-agent   | dd-agent  
/etc/datadog-agent/conf.d/snmp.d/profiles/apc_ups.yaml | -rw-r--r-- | dd-agent   | dd-agent  
/etc/datadog-agent/conf.d/jboss_wildfly.d/metrics.yaml | -rw-r--r-- | dd-agent   | dd-agent  
/etc/datadog-agent/conf.d/snmp.d/profiles/_juniper-userfirewall.yaml | -rw-r--r-- | dd-agent   | dd-agent  
/etc/datadog-agent/conf.d/consul.d/auto_conf.yaml  | -rw-r--r-- | dd-agent   | dd-agent  
/etc/datadog-agent/conf.d/presto.d/auto_conf.yaml  | -rw-r--r-- | dd-agent   | dd-agent  
/etc/datadog-agent/conf.d/snmp.d/profiles/_dell-rac.yaml | -rw-r--r-- | dd-agent   | dd-agent  
/etc/datadog-agent/conf.d/snmp.d/profiles/_generic-host-resources.yaml | -rw-r--r-- | dd-agent   | dd-agent  
/etc/datadog-agent/conf.d/snmp.d/profiles/_generic-ip.yaml | -rw-r--r-- | dd-agent   | dd-agent  
/etc/datadog-agent/conf.d/ignite.d/metrics.yaml    | -rw-r--r-- | dd-agent   | dd-agent  
/etc/datadog-agent/conf.d/kube_controller_manager.d/auto_conf.yaml | -rw-r--r-- | dd-agent   | dd-agent  
/etc/datadog-agent/conf.d/riak.d/auto_conf.yaml    | -rw-r--r-- | dd-agent   | dd-agent  
/etc/datadog-agent/conf.d/snmp.d/profiles/_cisco-voice.yaml | -rw-r--r-- | dd-agent   | dd-agent  
/etc/datadog-agent/conf.d/snmp.d/profiles/hp-ilo4.yaml | -rw-r--r-- | dd-agent   | dd-agent  
/etc/datadog-agent/datadog.yaml                    | -rw-r----- | dd-agent   | dd-agent  
/var/log/datadog/agent.log                         | -rw-r--r-- | dd-agent   | dd-agent  
/etc/datadog-agent/conf.d/apache.d/auto_conf.yaml  | -rw-r--r-- | dd-agent   | dd-agent  
/etc/datadog-agent/conf.d/external_dns.d/auto_conf.yaml | -rw-r--r-- | dd-agent   | dd-agent  
/etc/datadog-agent/conf.d/kube_apiserver_metrics.d/auto_conf.yaml | -rw-r--r-- | dd-agent   | dd-agent  
/etc/datadog-agent/conf.d/snmp.d/profiles/chatsworth_pdu.yaml | -rw-r--r-- | dd-agent   | dd-agent  
/etc/datadog-agent/conf.d/snmp.d/profiles/generic-router.yaml | -rw-r--r-- | dd-agent   | dd-agent  
/etc/datadog-agent/conf.d/couch.d/auto_conf.yaml   | -rw-r--r-- | dd-agent   | dd-agent  
/etc/datadog-agent/conf.d/snmp.d/auto_conf.yaml    | -rw-r--r-- | dd-agent   | dd-agent  
/etc/datadog-agent/conf.d/snmp.d/profiles/_cisco-asa.yaml | -rw-r--r-- | dd-agent   | dd-agent  
/etc/datadog-agent/conf.d/snmp.d/profiles/_generic-router-tcp.yaml | -rw-r--r-- | dd-agent   | dd-agent  
/etc/datadog-agent/conf.d/uptime.d/conf.yaml.default | -rw-r--r-- | dd-agent   | dd-agent  
/var/log/datadog/trace-agent.log                   | -rw-r--r-- | dd-agent   | dd-agent  
/etc/datadog-agent/conf.d/docker.d/conf.yaml.default | -rw-r--r-- | dd-agent   | dd-agent  
/etc/datadog-agent/conf.d/ecs_fargate.d/conf.yaml.default | -rw-r--r-- | dd-agent   | dd-agent  
/etc/datadog-agent/conf.d/hive.d/metrics.yaml      | -rw-r--r-- | dd-agent   | dd-agent  
/etc/datadog-agent/conf.d/snmp.d/profiles/_base.yaml | -rw-r--r-- | dd-agent   | dd-agent  
/etc/datadog-agent/conf.d/snmp.d/profiles/palo-alto.yaml | -rw-r--r-- | dd-agent   | dd-agent  
/etc/datadog-agent/conf.d/disk.d/conf.yaml.default | -rw-r--r-- | dd-agent   | dd-agent  
/etc/datadog-agent/conf.d/snmp.d/profiles/cisco-csr1000v.yaml | -rw-r--r-- | dd-agent   | dd-agent  
/etc/datadog-agent/conf.d/snmp.d/profiles/dell-poweredge.yaml | -rw-r--r-- | dd-agent   | dd-agent  
/etc/datadog-agent/conf.d/snmp.d/profiles/meraki-cloud-controller.yaml | -rw-r--r-- | dd-agent   | dd-agent  
/var                                               | drwxr-xr-x | root       | root      
/etc                                               | drwxr-xr-x | root       | root      
/etc/datadog-agent/conf.d/network.d/conf.yaml.default | -rw-r--r-- | dd-agent   | dd-agent  
/etc/datadog-agent/conf.d/snmp.d/profiles/_intel-lan-adapters.yaml | -rw-r--r-- | dd-agent   | dd-agent  
/etc/datadog-agent/conf.d/solr.d/metrics.yaml      | -rw-r--r-- | dd-agent   | dd-agent  
/etc/datadog-agent/conf.d/tomcat.d/auto_conf.yaml  | -rw-r--r-- | dd-agent   | dd-agent  
/var/log/datadog/process-agent.log.1               | -rw-r--r-- | dd-agent   | dd-agent  
/etc/datadog-agent/conf.d/cilium.d/auto_conf.yaml  | -rw-r--r-- | dd-agent   | dd-agent  
/etc/datadog-agent/conf.d/load.d/conf.yaml.default | -rw-r--r-- | dd-agent   | dd-agent  
/etc/datadog-agent/conf.d/snmp.d/profiles/_juniper-cos.yaml | -rw-r--r-- | dd-agent   | dd-agent  
/etc/datadog-agent/conf.d/snmp.d/profiles/_juniper-virtualchassis.yaml | -rw-r--r-- | dd-agent   | dd-agent  
/etc/datadog-agent/conf.d/snmp.d/profiles/juniper-srx.yaml | -rw-r--r-- | dd-agent   | dd-agent  
/etc/datadog-agent/conf.d/io.d/conf.yaml.default   | -rw-r--r-- | dd-agent   | dd-agent  
/var/log/datadog/process-agent.log                 | -rw-r--r-- | dd-agent   | dd-agent  
/etc/datadog-agent/conf.d/eks_fargate.d/conf.yaml.default | -rw-r--r-- | dd-agent   | dd-agent  
/etc/datadog-agent/conf.d/kubelet.d/conf.yaml.default | -rw-r--r-- | dd-agent   | dd-agent  
/etc/datadog-agent/conf.d/snmp.d/profiles/_base_cisco.yaml | -rw-r--r-- | dd-agent   | dd-agent  
/etc/datadog-agent/conf.d/snmp.d/profiles/isilon.yaml | -rw-r--r-- | dd-agent   | dd-agent  
/var/log/datadog/agent.log.3                       | -rw-r--r-- | dd-agent   | dd-agent  
/var/log                                           | drwxrwxr-x | root       | syslog    
/etc/datadog-agent/conf.d/confluent_platform.d/metrics.yaml | -rw-r--r-- | dd-agent   | dd-agent  
/etc/datadog-agent/conf.d/file_handle.d/conf.yaml.default | -rw-r--r-- | dd-agent   | dd-agent  
/etc/datadog-agent/conf.d/snmp.d/profiles/_cisco-catalyst.yaml | -rw-r--r-- | dd-agent   | dd-agent  
/etc/datadog-agent/conf.d/snmp.d/profiles/_generic-if.yaml | -rw-r--r-- | dd-agent   | dd-agent  
/etc/datadog-agent/conf.d/snmp.d/profiles/_generic-router-ip.yaml | -rw-r--r-- | dd-agent   | dd-agent  
/etc/datadog-agent/conf.d/containerd.d/conf.yaml.default | -rw-r--r-- | dd-agent   | dd-agent  
/etc/datadog-agent/conf.d/snmp.d/profiles/_cisco-generic.yaml | -rw-r--r-- | dd-agent   | dd-agent  
/etc/datadog-agent/conf.d/snmp.d/profiles/cisco-nexus.yaml | -rw-r--r-- | dd-agent   | dd-agent  
/etc/datadog-agent/conf.d/snmp.d/profiles/juniper-ex.yaml | -rw-r--r-- | dd-agent   | dd-agent  
/etc/datadog-agent/conf.d/snmp.d/profiles/juniper-mx.yaml | -rw-r--r-- | dd-agent   | dd-agent  
/etc/datadog-agent/auth_token                      | -rw------- | dd-agent   | dd-agent  
/                                                  | drwxr-xr-x | root       | root      
/etc/datadog-agent/conf.d/kube_dns.d/auto_conf.yaml | -rw-r--r-- | dd-agent   | dd-agent  
/etc/datadog-agent/conf.d/snmp.d/profiles/_generic-bgp4.yaml | -rw-r--r-- | dd-agent   | dd-agent  
/etc/datadog-agent/conf.d/snmp.d/profiles/_juniper-dcu.yaml | -rw-r--r-- | dd-agent   | dd-agent  
/etc/datadog-agent/conf.d/snmp.d/profiles/_generic-router-bgp4.yaml | -rw-r--r-- | dd-agent   | dd-agent  
/etc/datadog-agent/conf.d/snmp.d/profiles/hpe-proliant.yaml | -rw-r--r-- | dd-agent   | dd-agent  
/etc/datadog-agent/conf.d/cpu.d/conf.yaml.default  | -rw-r--r-- | dd-agent   | dd-agent  
/etc/datadog-agent/conf.d/ntp.d/conf.yaml.default  | -rw-r--r-- | dd-agent   | dd-agent  
/etc/datadog-agent/conf.d/presto.d/metrics.yaml    | -rw-r--r-- | dd-agent   | dd-agent  
/etc/datadog-agent/conf.d/snmp.d/profiles/arista.yaml | -rw-r--r-- | dd-agent   | dd-agent  
/etc/datadog-agent/conf.d/snmp.d/profiles/cisco_isr_4431.yaml | -rw-r--r-- | dd-agent   | dd-agent  
/etc/datadog-agent/conf.d/cassandra.d/metrics.yaml | -rw-r--r-- | dd-agent   | dd-agent  
/etc/datadog-agent/conf.d/kube_scheduler.d/auto_conf.yaml | -rw-r--r-- | dd-agent   | dd-agent  
/etc/datadog-agent                                 | drwxr-xr-x | dd-agent   | dd-agent  
/etc/datadog-agent/conf.d/coredns.d/auto_conf.yaml | -rw-r--r-- | dd-agent   | dd-agent  
/etc/datadog-agent/conf.d/redisdb.d/auto_conf.yaml | -rw-r--r-- | dd-agent   | dd-agent  
/etc/datadog-agent/conf.d/snmp.d/profiles/_generic-ospf.yaml | -rw-r--r-- | dd-agent   | dd-agent  
/etc/datadog-agent/conf.d/etcd.d/auto_conf.yaml    | -rw-r--r-- | dd-agent   | dd-agent  
/etc/datadog-agent/conf.d/kafka.d/metrics.yaml     | -rw-r--r-- | dd-agent   | dd-agent  
/etc/datadog-agent/conf.d/kubernetes_state.d/auto_conf.yaml | -rw-r--r-- | dd-agent   | dd-agent  
/etc/datadog-agent/conf.d/hivemq.d/metrics.yaml    | -rw-r--r-- | dd-agent   | dd-agent  
/etc/datadog-agent/conf.d/mcache.d/auto_conf.yaml  | -rw-r--r-- | dd-agent   | dd-agent  
/etc/datadog-agent/conf.d/snmp.d/profiles/_generic-udp.yaml | -rw-r--r-- | dd-agent   | dd-agent  
/etc/datadog-agent/conf.d/elastic.d/auto_conf.yaml | -rw-r--r-- | dd-agent   | dd-agent  
/etc/datadog-agent/conf.d/memory.d/conf.yaml.default | -rw-r--r-- | dd-agent   | dd-agent  
/etc/datadog-agent/conf.d/snmp.d/profiles/_generic-router-if.yaml | -rw-r--r-- | dd-agent   | dd-agent  
/etc/datadog-agent/conf.d/snmp.d/profiles/_juniper-firewall.yaml | -rw-r--r-- | dd-agent   | dd-agent  
/etc/datadog-agent/conf.d/snmp.d/profiles/cisco-3850.yaml | -rw-r--r-- | dd-agent   | dd-agent  
/etc/datadog-agent/conf.d/snmp.d/profiles/_base_cisco_voice.yaml | -rw-r--r-- | dd-agent   | dd-agent  
/etc/datadog-agent/conf.d/snmp.d/profiles/checkpoint-firewall.yaml | -rw-r--r-- | dd-agent   | dd-agent  
/etc/datadog-agent/conf.d/snmp.d/profiles/idrac.yaml | -rw-r--r-- | dd-agent   | dd-agent  
