===============
Agent (v7.26.0)
===============
  Status date: 2021-03-16 16:10:31.235426 UTC
  Agent start: 2021-03-12 03:33:00.954224 UTC
  Pid: 22592
  Go Version: go1.14.12
  Python Version: 3.8.5
  Build arch: amd64
  Agent flavor: agent
  Check Runners: 4
  Log Level: info
  Paths
  =====
    Config File: /etc/datadog-agent/datadog.yaml
    conf.d: /etc/datadog-agent/conf.d
    checks.d: /etc/datadog-agent/checks.d
  Clocks
  ======
    NTP offset: 768µs
    System UTC time: 2021-03-16 16:10:31.235426 UTC
  Host Info
  =========
    bootTime: 2021-03-11 03:46:26.000000 UTC
    kernelArch: x86_64
    kernelVersion: 4.4.0-1069-aws
    os: linux
    platform: ubuntu
    platformFamily: debian
    platformVersion: 16.04
    procs: 175
    uptime: 23h46m36s
    virtualizationRole: guest
    virtualizationSystem: xen
  Hostnames
  =========
    ec2-hostname: ip-10-2-1-216.sa-east-1.compute.internal
    hostname: mngmas-prod
    instance-id: i-0fc3e0f13e44ec49b
    socket-fqdn: localhost
    socket-hostname: mngmas-prod
    hostname provider: os
    unused hostname providers:
      aws: not retrieving hostname from AWS: the host is not an ECS instance and other providers already retrieve non-default hostnames
      configuration/environment: hostname is empty
      gce: unable to retrieve hostname from GCE: status code 404 trying to GET http://169.254.169.254/computeMetadata/v1/instance/hostname
  Metadata
  ========
    cloud_provider: AWS
    hostname_source: os
=========
Collector
=========
  Running Checks
  ==============
    cpu
    ---
      Instance ID: cpu [OK]
      Configuration Source: file:/etc/datadog-agent/conf.d/cpu.d/conf.yaml.default
      Total Runs: 26,070
      Metric Samples: Last Run: 8, Total: 208,554
      Events: Last Run: 0, Total: 0
      Service Checks: Last Run: 0, Total: 0
      Average Execution Time : 0s
      Last Execution Date : 2021-03-16 16:10:18.000000 UTC
      Last Successful Execution Date : 2021-03-16 16:10:18.000000 UTC
    disk (4.1.1)
    ------------
      Instance ID: disk:e5dffb8bef24336f [OK]
      Configuration Source: file:/etc/datadog-agent/conf.d/disk.d/conf.yaml.default
      Total Runs: 26,070
      Metric Samples: Last Run: 108, Total: 2,721,120
      Events: Last Run: 0, Total: 0
      Service Checks: Last Run: 0, Total: 0
      Average Execution Time : 10ms
      Last Execution Date : 2021-03-16 16:10:25.000000 UTC
      Last Successful Execution Date : 2021-03-16 16:10:25.000000 UTC
    file_handle
    -----------
      Instance ID: file_handle [OK]
      Configuration Source: file:/etc/datadog-agent/conf.d/file_handle.d/conf.yaml.default
      Total Runs: 26,069
      Metric Samples: Last Run: 5, Total: 130,345
      Events: Last Run: 0, Total: 0
      Service Checks: Last Run: 0, Total: 0
      Average Execution Time : 0s
      Last Execution Date : 2021-03-16 16:10:17.000000 UTC
      Last Successful Execution Date : 2021-03-16 16:10:17.000000 UTC
    io
    --
      Instance ID: io [OK]
      Configuration Source: file:/etc/datadog-agent/conf.d/io.d/conf.yaml.default
      Total Runs: 26,070
      Metric Samples: Last Run: 39, Total: 1,016,703
      Events: Last Run: 0, Total: 0
      Service Checks: Last Run: 0, Total: 0
      Average Execution Time : 0s
      Last Execution Date : 2021-03-16 16:10:24.000000 UTC
      Last Successful Execution Date : 2021-03-16 16:10:24.000000 UTC
    load
    ----
      Instance ID: load [OK]
      Configuration Source: file:/etc/datadog-agent/conf.d/load.d/conf.yaml.default
      Total Runs: 26,070
      Metric Samples: Last Run: 6, Total: 156,420
      Events: Last Run: 0, Total: 0
      Service Checks: Last Run: 0, Total: 0
      Average Execution Time : 0s
      Last Execution Date : 2021-03-16 16:10:31.000000 UTC
      Last Successful Execution Date : 2021-03-16 16:10:31.000000 UTC
    memory
    ------
      Instance ID: memory [OK]
      Configuration Source: file:/etc/datadog-agent/conf.d/memory.d/conf.yaml.default
      Total Runs: 26,070
      Metric Samples: Last Run: 18, Total: 469,260
      Events: Last Run: 0, Total: 0
      Service Checks: Last Run: 0, Total: 0
      Average Execution Time : 0s
      Last Execution Date : 2021-03-16 16:10:23.000000 UTC
      Last Successful Execution Date : 2021-03-16 16:10:23.000000 UTC
    network (2.1.1)
    ---------------
      Instance ID: network:e0204ad63d43c949 [OK]
      Configuration Source: file:/etc/datadog-agent/conf.d/network.d/conf.yaml.default
      Total Runs: 26,070
      Metric Samples: Last Run: 26, Total: 677,820
      Events: Last Run: 0, Total: 0
      Service Checks: Last Run: 0, Total: 0
      Average Execution Time : 1ms
      Last Execution Date : 2021-03-16 16:10:30.000000 UTC
      Last Successful Execution Date : 2021-03-16 16:10:30.000000 UTC
    ntp
    ---
      Instance ID: ntp:d884b5186b651429 [OK]
      Configuration Source: file:/etc/datadog-agent/conf.d/ntp.d/conf.yaml.default
      Total Runs: 435
      Metric Samples: Last Run: 1, Total: 435
      Events: Last Run: 0, Total: 0
      Service Checks: Last Run: 1, Total: 435
      Average Execution Time : 0s
      Last Execution Date : 2021-03-16 16:03:03.000000 UTC
      Last Successful Execution Date : 2021-03-16 16:03:03.000000 UTC
    uptime
    ------
      Instance ID: uptime [OK]
      Configuration Source: file:/etc/datadog-agent/conf.d/uptime.d/conf.yaml.default
      Total Runs: 26,070
      Metric Samples: Last Run: 1, Total: 26,070
      Events: Last Run: 0, Total: 0
      Service Checks: Last Run: 0, Total: 0
      Average Execution Time : 0s
      Last Execution Date : 2021-03-16 16:10:22.000000 UTC
      Last Successful Execution Date : 2021-03-16 16:10:22.000000 UTC
========
JMXFetch
========
  Information
  ==================
  Initialized checks
  ==================
    no checks
  Failed checks
  =============
    no checks
=========
Forwarder
=========
  Transactions
  ============
    Deployments: 0
    Dropped: 0
    DroppedOnInput: 0
    Nodes: 0
    Pods: 0
    ReplicaSets: 0
    Requeued: 1
    Retried: 1
    RetryQueueSize: 0
    Services: 0
  Transaction Successes
  =====================
    Total number: 54963
    Successes By Endpoint:
      check_run_v1: 26,069
      intake: 2,825
      series_v1: 26,069
  Transaction Errors
  ==================
    Total number: 1
    Errors By Type:
  HTTP Errors
  ==================
    Total number: 1
    HTTP Errors By Code:
      502: 1
  API Keys status
  ===============
    API key ending with deffd: API Key valid
==========
Endpoints
==========
  https://app.datadoghq.com - API Key ending with:
      - deffd
==========
Logs Agent
==========
    Sending compressed logs in HTTPS to agent-http-intake.logs.datadoghq.com on port 443
    BytesSent: 0
    EncodedBytesSent: 28
    LogsProcessed: 0
    LogsSent: 0
=========
APM Agent
=========
  Status: Running
  Pid: <no value>
  Uptime: <no value> seconds
  Mem alloc: =========
Aggregator
=========
  Checks Metric Sample: 5,824,715
  Dogstatsd Metric Sample: 4,717,097
  Event: 1
  Events Flushed: 1
  Number Of Flushes: 26,070
  Series Flushed: 7,941,955
  Service Check: 209,429
  Service Checks Flushed: 235,499
=========
DogStatsD
=========
  Event Packets: 0
  Event Parse Errors: 0
  Metric Packets: 4,717,096
  Metric Parse Errors: 0
  Service Check Packets: 0
  Service Check Parse Errors: 0
  Udp Bytes: 477,670,807
  Udp Packet Reading Errors: 0
  Udp Packets: 2,779,064
  Uds Bytes: 0
  Uds Origin Detection Errors: 0
  Uds Packet Reading Errors: 0
  Uds Packets: 0
  Unterminated Metric Errors: 0